Using pre-set license
Built from '2020.3/staging' branch; Version is '2020.3.18f1 (a7d1c678663c) revision 10998214'; Using compiler version '192528614'; Build Type 'Release'
OS: 'Windows 10 Pro; OS build 19043.1348; Version 2009; 64bit' Language: 'en' Physical Memory: 8136 MB
BatchMode: 1, IsHumanControllingUs: 0, StartBugReporterOnCrash: 0, Is64bit: 1, IsPro: 0

COMMAND LINE ARGUMENTS:
C:\Program Files\Unity\Hub\Editor\2020.3.18f1\Editor\Unity.exe
-adb2
-batchMode
-noUpm
-name
AssetImportWorker0
-projectPath
C:/Users/zkolman_deerfieldlib/Documents/GitHub/Winter-VN-Jam-2021
-logFile
Logs/AssetImportWorker0.log
-srvPort
55314
Successfully changed project path to: C:/Users/zkolman_deerfieldlib/Documents/GitHub/Winter-VN-Jam-2021
C:/Users/zkolman_deerfieldlib/Documents/GitHub/Winter-VN-Jam-2021
Using Asset Import Pipeline V2.
Refreshing native plugins compatible for Editor in 84.16 ms, found 2 plugins.
Preloading 0 native plugins for Editor in 0.00 ms.
Initialize engine version: 2020.3.18f1 (a7d1c678663c)
[Subsystems] Discovering subsystems at path C:/Program Files/Unity/Hub/Editor/2020.3.18f1/Editor/Data/Resources/UnitySubsystems
[Subsystems] Discovering subsystems at path C:/Users/zkolman_deerfieldlib/Documents/GitHub/Winter-VN-Jam-2021/Assets
GfxDevice: creating device client; threaded=0
Direct3D:
    Version:  Direct3D 11.0 [level 11.1]
    Renderer: NVIDIA GeForce GTX 1050 Ti (ID=0x1c82)
    Vendor:   
    VRAM:     4018 MB
    Driver:   27.21.14.6172
Initialize mono
Mono path[0] = 'C:/Program Files/Unity/Hub/Editor/2020.3.18f1/Editor/Data/Managed'
Mono path[1] = 'C:/Program Files/Unity/Hub/Editor/2020.3.18f1/Editor/Data/MonoBleedingEdge/lib/mono/unityjit'
Mono config path = 'C:/Program Files/Unity/Hub/Editor/2020.3.18f1/Editor/Data/MonoBleedingEdge/etc'
Using monoOptions --debugger-agent=transport=dt_socket,embedding=1,server=y,suspend=n,address=127.0.0.1:56424
Begin MonoManager ReloadAssembly
Registering precompiled unity dll's ...
Register platform support module: C:/Program Files/Unity/Hub/Editor/2020.3.18f1/Editor/Data/PlaybackEngines/WindowsStandaloneSupport/UnityEditor.WindowsStandalone.Extensions.dll
Registered in 0.014136 seconds.
Native extension for WindowsStandalone target not found
Refreshing native plugins compatible for Editor in 78.45 ms, found 2 plugins.
Preloading 0 native plugins for Editor in 0.00 ms.
Mono: successfully reloaded assembly
- Completed reload, in  1.573 seconds
Domain Reload Profiling:
	ReloadAssembly (1573ms)
		BeginReloadAssembly (48ms)
			ExecutionOrderSort (0ms)
			DisableScriptedObjects (0ms)
			BackupInstance (0ms)
			ReleaseScriptingObjects (0ms)
			CreateAndSetChildDomain (1ms)
		EndReloadAssembly (394ms)
			LoadAssemblies (45ms)
			RebuildTransferFunctionScriptingTraits (0ms)
			SetupTypeCache (122ms)
			ReleaseScriptCaches (0ms)
			RebuildScriptCaches (25ms)
			SetupLoadedEditorAssemblies (184ms)
				LogAssemblyErrors (0ms)
				InitializePlatformSupportModulesInManaged (3ms)
				SetLoadedEditorAssemblies (0ms)
				RefreshPlugins (79ms)
				BeforeProcessingInitializeOnLoad (15ms)
				ProcessInitializeOnLoadAttributes (64ms)
				ProcessInitializeOnLoadMethodAttributes (23ms)
				AfterProcessingInitializeOnLoad (0ms)
				EditorAssembliesLoaded (0ms)
			ExecutionOrderSort2 (0ms)
			AwakeInstancesAfterBackupRestoration (0ms)
Platform modules already initialized, skipping
Registering precompiled user dll's ...
Registered in 0.007193 seconds.
Begin MonoManager ReloadAssembly
Native extension for WindowsStandalone target not found
Refreshing native plugins compatible for Editor in 79.03 ms, found 2 plugins.
Preloading 0 native plugins for Editor in 0.00 ms.
Mono: successfully reloaded assembly
- Completed reload, in  1.124 seconds
Domain Reload Profiling:
	ReloadAssembly (1126ms)
		BeginReloadAssembly (126ms)
			ExecutionOrderSort (0ms)
			DisableScriptedObjects (4ms)
			BackupInstance (0ms)
			ReleaseScriptingObjects (0ms)
			CreateAndSetChildDomain (18ms)
		EndReloadAssembly (944ms)
			LoadAssemblies (108ms)
			RebuildTransferFunctionScriptingTraits (0ms)
			SetupTypeCache (287ms)
			ReleaseScriptCaches (1ms)
			RebuildScriptCaches (66ms)
			SetupLoadedEditorAssemblies (381ms)
				LogAssemblyErrors (0ms)
				InitializePlatformSupportModulesInManaged (3ms)
				SetLoadedEditorAssemblies (0ms)
				RefreshPlugins (79ms)
				BeforeProcessingInitializeOnLoad (93ms)
				ProcessInitializeOnLoadAttributes (195ms)
				ProcessInitializeOnLoadMethodAttributes (5ms)
				AfterProcessingInitializeOnLoad (5ms)
				EditorAssembliesLoaded (0ms)
			ExecutionOrderSort2 (0ms)
			AwakeInstancesAfterBackupRestoration (6ms)
Platform modules already initialized, skipping
========================================================================
Worker process is ready to serve import requests
Launched and connected shader compiler UnityShaderCompiler.exe after 0.07 seconds
Refreshing native plugins compatible for Editor in 0.85 ms, found 2 plugins.
Preloading 0 native plugins for Editor in 0.00 ms.
Unloading 4108 Unused Serialized files (Serialized files now loaded: 0)
System memory in use before: 166.8 MB.
System memory in use after: 167.0 MB.

Unloading 19 unused Assets to reduce memory usage. Loaded Objects now: 4542.
Total: 5.196900 ms (FindLiveObjects: 0.488100 ms CreateObjectMapping: 0.106900 ms MarkObjects: 4.518500 ms  DeleteObjects: 0.081400 ms)

AssetImportParameters requested are different than current active one (requested -> active):
  custom:framework-win-MediaFoundation: 216162199b28c13a410421893ffa2e32 -> 
  custom:video-decoder-ogg-theora: a1e56fd34408186e4bbccfd4996cb3dc -> 
  custom:container-muxer-webm: aa71ff27fc2769a1b78a27578f13a17b -> 
  custom:container-demuxer-webm: 4f35f7cbe854078d1ac9338744f61a02 -> 
  custom:container-demuxer-ogg: 62fdf1f143b41e24485cea50d1cbac27 -> 
  custom:video-encoder-webm-vp8: eb34c28f22e8b96e1ab97ce403110664 -> 
  custom:video-decoder-webm-vp8: 9c59270c3fd7afecdb556c50c9e8de78 -> 
  custom:audio-decoder-ogg-vorbis: bf7c407c2cedff20999df2af8eb42d56 -> 
  custom:audio-encoder-webm-vorbis: bf7c407c2cedff20999df2af8eb42d56 -> 
========================================================================
Received Import Request.
  path: Packages/com.unity.ext.nunit
  artifactKey: Guid(25a477c2f24db8778a4179421a32cc21) Importer(815301076,1909f56bfc062723c751e8b465ee728b)
Start importing Packages/com.unity.ext.nunit using Guid(25a477c2f24db8778a4179421a32cc21) Importer(815301076,1909f56bfc062723c751e8b465ee728b)  -> (artifact id: 'de8b3f671dc9f0a57b867a67d4aae8de') in 0.016907 seconds 
  Import took 0.025284 seconds .

========================================================================
Received Import Request.
  Time since last request: 0.880280 seconds.
  path: Packages/com.unity.ext.nunit/package.json
  artifactKey: Guid(8143d3a8390f2c64685e3bc272bd9e90) Importer(815301076,1909f56bfc062723c751e8b465ee728b)
Start importing Packages/com.unity.ext.nunit/package.json using Guid(8143d3a8390f2c64685e3bc272bd9e90) Importer(815301076,1909f56bfc062723c751e8b465ee728b)  -> (artifact id: 'c0d9a8659c428b78016c58edab6d782d') in 0.045683 seconds 
  Import took 0.052797 seconds .

========================================================================
Received Import Request.
  Time since last request: 6.170892 seconds.
  path: Packages/com.unity.ugui
  artifactKey: Guid(8f7652e09069a1943278893d4264401e) Importer(815301076,1909f56bfc062723c751e8b465ee728b)
Start importing Packages/com.unity.ugui using Guid(8f7652e09069a1943278893d4264401e) Importer(815301076,1909f56bfc062723c751e8b465ee728b)  -> (artifact id: '9be8eef517426cf4e5d1ef023f0f7cab') in 0.006923 seconds 
  Import took 0.014623 seconds .

========================================================================
Received Import Request.
  Time since last request: 0.057230 seconds.
  path: Packages/com.unity.ugui/package.json
  artifactKey: Guid(319b8889f363f5947acf209c17a94149) Importer(815301076,1909f56bfc062723c751e8b465ee728b)
Start importing Packages/com.unity.ugui/package.json using Guid(319b8889f363f5947acf209c17a94149) Importer(815301076,1909f56bfc062723c751e8b465ee728b)  -> (artifact id: '8897e305dcf5159eaad3ca7b3f7d1662') in 0.008265 seconds 
  Import took 0.015067 seconds .

========================================================================
Received Import Request.
  Time since last request: 46.716176 seconds.
  path: Assets/Plugins
  artifactKey: Guid(806d00e8fc0d78a4dacb2ef19e005d8c) Importer(815301076,1909f56bfc062723c751e8b465ee728b)
Start importing Assets/Plugins using Guid(806d00e8fc0d78a4dacb2ef19e005d8c) Importer(815301076,1909f56bfc062723c751e8b465ee728b)  -> (artifact id: '2f5f54e651d5aa453203057e6051b43c') in 0.007898 seconds 
  Import took 0.015631 seconds .

========================================================================
Received Import Request.
  Time since last request: 1.736706 seconds.
  path: Assets/Plugins/Pixel Crushers
  artifactKey: Guid(e548d83123d220b4ca31fa7813b93169) Importer(815301076,1909f56bfc062723c751e8b465ee728b)
Start importing Assets/Plugins/Pixel Crushers using Guid(e548d83123d220b4ca31fa7813b93169) Importer(815301076,1909f56bfc062723c751e8b465ee728b)  -> (artifact id: 'e479f71dfe113eac7a0aa01c1369f498') in 0.005737 seconds 
  Import took 0.012906 seconds .

========================================================================
Received Import Request.
  Time since last request: 21.753413 seconds.
  path: Assets/Plugins/Pixel Crushers/Dialogue System
  artifactKey: Guid(aa3c208e20084ce44b95f9ad20530f2c) Importer(815301076,1909f56bfc062723c751e8b465ee728b)
Start importing Assets/Plugins/Pixel Crushers/Dialogue System using Guid(aa3c208e20084ce44b95f9ad20530f2c) Importer(815301076,1909f56bfc062723c751e8b465ee728b)  -> (artifact id: '5761647a72de52fcba5dc3eec78d0a9d') in 0.008308 seconds 
  Import took 0.015470 seconds .

========================================================================
Received Import Request.
  Time since last request: 7.503055 seconds.
  path: Assets/Plugins/Pixel Crushers/Dialogue System/Prefabs
  artifactKey: Guid(a53905e94ae5caf4688b53dccfc26b17) Importer(815301076,1909f56bfc062723c751e8b465ee728b)
Start importing Assets/Plugins/Pixel Crushers/Dialogue System/Prefabs using Guid(a53905e94ae5caf4688b53dccfc26b17) Importer(815301076,1909f56bfc062723c751e8b465ee728b)  -> (artifact id: 'a8d56db86df262a8bdfe1ad1a9389239') in 0.006743 seconds 
  Import took 0.014027 seconds .

========================================================================
Received Import Request.
  Time since last request: 0.026461 seconds.
  path: Assets/Plugins/Pixel Crushers/Dialogue System/Prefabs/Dialogue Manager.prefab
  artifactKey: Guid(58ac37417e60e534f91138088a3e6f70) Importer(815301076,1909f56bfc062723c751e8b465ee728b)
Start importing Assets/Plugins/Pixel Crushers/Dialogue System/Prefabs/Dialogue Manager.prefab using Guid(58ac37417e60e534f91138088a3e6f70) Importer(815301076,1909f56bfc062723c751e8b465ee728b)  -> (artifact id: '03877fe6534ea2ac663612a8900f516f') in 0.164717 seconds 
  Import took 0.174717 seconds .

========================================================================
Received Import Request.
  Time since last request: 4.216582 seconds.
  path: Assets/Plugins/Pixel Crushers/Dialogue System/Prefabs/Camera Angle Studio
  artifactKey: Guid(f5590907e1201c742b381362741ce2e1) Importer(815301076,1909f56bfc062723c751e8b465ee728b)
Start importing Assets/Plugins/Pixel Crushers/Dialogue System/Prefabs/Camera Angle Studio using Guid(f5590907e1201c742b381362741ce2e1) Importer(815301076,1909f56bfc062723c751e8b465ee728b)  -> (artifact id: 'aa0562f28d685ba84a7b636069ac048b') in 0.006890 seconds 
  Import took 0.014144 seconds .

========================================================================
Received Import Request.
  Time since last request: 5.098300 seconds.
  path: Assets/Plugins/Pixel Crushers/Dialogue System/Prefabs/Camera Angle Studio/Camera Angle Studio.unity
  artifactKey: Guid(26dcc50520592f249a8b279f194100ee) Importer(815301076,1909f56bfc062723c751e8b465ee728b)
Start importing Assets/Plugins/Pixel Crushers/Dialogue System/Prefabs/Camera Angle Studio/Camera Angle Studio.unity using Guid(26dcc50520592f249a8b279f194100ee) Importer(815301076,1909f56bfc062723c751e8b465ee728b)  -> (artifact id: '2d5368fb5d9391cf536cfc17df59e1d4') in 0.006453 seconds 
  Import took 0.013388 seconds .

========================================================================
Received Import Request.
  Time since last request: 21.714070 seconds.
  path: Assets/Plugins/Pixel Crushers/Dialogue System/Prefabs/Standard UI Prefabs
  artifactKey: Guid(8c1a4ad7bc3f25343add8df89a0b47b7) Importer(815301076,1909f56bfc062723c751e8b465ee728b)
Start importing Assets/Plugins/Pixel Crushers/Dialogue System/Prefabs/Standard UI Prefabs using Guid(8c1a4ad7bc3f25343add8df89a0b47b7) Importer(815301076,1909f56bfc062723c751e8b465ee728b)  -> (artifact id: '657d4f1a65f9135f94652350b312b02b') in 0.006115 seconds 
  Import took 0.015377 seconds .

========================================================================
Received Import Request.
  Time since last request: 3.150457 seconds.
  path: Assets/Plugins/Pixel Crushers/Dialogue System/Prefabs/Art
  artifactKey: Guid(d50a496961f373342a374b1da428a055) Importer(815301076,1909f56bfc062723c751e8b465ee728b)
Start importing Assets/Plugins/Pixel Crushers/Dialogue System/Prefabs/Art using Guid(d50a496961f373342a374b1da428a055) Importer(815301076,1909f56bfc062723c751e8b465ee728b)  -> (artifact id: '1d4b3a3f589d6dcb4d2ad3671b5b4706') in 0.014383 seconds 
  Import took 0.021234 seconds .

========================================================================
Received Import Request.
  Time since last request: 8.978917 seconds.
  path: Assets/Scenes/ParkScene.unity
  artifactKey: Guid(167ff96ac083a5548814a6dbdc47830f) Importer(815301076,1909f56bfc062723c751e8b465ee728b)
Start importing Assets/Scenes/ParkScene.unity using Guid(167ff96ac083a5548814a6dbdc47830f) Importer(815301076,1909f56bfc062723c751e8b465ee728b)  -> (artifact id: '4247b1623601553b3785b0e94ed9f27b') in 0.008277 seconds 
  Import took 0.015831 seconds .

========================================================================
Received Import Request.
  Time since last request: 178.595708 seconds.
  path: Assets/Dialogue/Demo Dave.asset
  artifactKey: Guid(716404af05c8b0746a808cf0fa0826e1) Importer(815301076,1909f56bfc062723c751e8b465ee728b)
Start importing Assets/Dialogue/Demo Dave.asset using Guid(716404af05c8b0746a808cf0fa0826e1) Importer(815301076,1909f56bfc062723c751e8b465ee728b)  -> (artifact id: 'fe8393915709e4749209930473fb21c5') in 0.016442 seconds 
  Import took 0.024553 seconds .

========================================================================
Received Import Request.
  Time since last request: 600.110500 seconds.
  path: Assets/Dialogue/Demo Dave.asset
  artifactKey: Guid(716404af05c8b0746a808cf0fa0826e1) Importer(815301076,1909f56bfc062723c751e8b465ee728b)
Start importing Assets/Dialogue/Demo Dave.asset using Guid(716404af05c8b0746a808cf0fa0826e1) Importer(815301076,1909f56bfc062723c751e8b465ee728b)  -> (artifact id: 'd5e8a79e61841108da62eb28910bc3f4') in 0.008179 seconds 
  Import took 0.016100 seconds .

========================================================================
Received Import Request.
  Time since last request: 531.914804 seconds.
  path: Assets/Dialogue/Demo Dave.asset
  artifactKey: Guid(716404af05c8b0746a808cf0fa0826e1) Importer(815301076,1909f56bfc062723c751e8b465ee728b)
Start importing Assets/Dialogue/Demo Dave.asset using Guid(716404af05c8b0746a808cf0fa0826e1) Importer(815301076,1909f56bfc062723c751e8b465ee728b)  -> (artifact id: 'a640ddf6b08b939056f9f8bb52607e27') in 0.008492 seconds 
  Import took 0.017046 seconds .

========================================================================
Received Prepare
Registering precompiled user dll's ...
Registered in 0.049588 seconds.
Begin MonoManager ReloadAssembly
Native extension for WindowsStandalone target not found
Refreshing native plugins compatible for Editor in 0.90 ms, found 2 plugins.
Preloading 0 native plugins for Editor in 0.00 ms.
Mono: successfully reloaded assembly
- Completed reload, in  1.390 seconds
Domain Reload Profiling:
	ReloadAssembly (1394ms)
		BeginReloadAssembly (342ms)
			ExecutionOrderSort (0ms)
			DisableScriptedObjects (25ms)
			BackupInstance (0ms)
			ReleaseScriptingObjects (0ms)
			CreateAndSetChildDomain (218ms)
		EndReloadAssembly (992ms)
			LoadAssemblies (101ms)
			RebuildTransferFunctionScriptingTraits (0ms)
			SetupTypeCache (331ms)
			ReleaseScriptCaches (1ms)
			RebuildScriptCaches (46ms)
			SetupLoadedEditorAssemblies (393ms)
				LogAssemblyErrors (0ms)
				InitializePlatformSupportModulesInManaged (5ms)
				SetLoadedEditorAssemblies (1ms)
				RefreshPlugins (1ms)
				BeforeProcessingInitializeOnLoad (79ms)
				ProcessInitializeOnLoadAttributes (299ms)
				ProcessInitializeOnLoadMethodAttributes (3ms)
				AfterProcessingInitializeOnLoad (5ms)
				EditorAssembliesLoaded (0ms)
			ExecutionOrderSort2 (0ms)
			AwakeInstancesAfterBackupRestoration (8ms)
Platform modules already initialized, skipping
Refreshing native plugins compatible for Editor in 0.85 ms, found 2 plugins.
Preloading 0 native plugins for Editor in 0.00 ms.
Unloading 3991 Unused Serialized files (Serialized files now loaded: 0)
System memory in use before: 159.3 MB.
System memory in use after: 159.6 MB.

Unloading 19 unused Assets to reduce memory usage. Loaded Objects now: 4546.
Total: 4.227200 ms (FindLiveObjects: 0.454600 ms CreateObjectMapping: 0.115000 ms MarkObjects: 3.475800 ms  DeleteObjects: 0.179600 ms)

AssetImportParameters requested are different than current active one (requested -> active):
  custom:framework-win-MediaFoundation: 216162199b28c13a410421893ffa2e32 -> 
  custom:video-decoder-ogg-theora: a1e56fd34408186e4bbccfd4996cb3dc -> 
  custom:container-muxer-webm: aa71ff27fc2769a1b78a27578f13a17b -> 
  custom:container-demuxer-webm: 4f35f7cbe854078d1ac9338744f61a02 -> 
  custom:container-demuxer-ogg: 62fdf1f143b41e24485cea50d1cbac27 -> 
  custom:video-encoder-webm-vp8: eb34c28f22e8b96e1ab97ce403110664 -> 
  custom:video-decoder-webm-vp8: 9c59270c3fd7afecdb556c50c9e8de78 -> 
  custom:audio-decoder-ogg-vorbis: bf7c407c2cedff20999df2af8eb42d56 -> 
  custom:audio-encoder-webm-vorbis: bf7c407c2cedff20999df2af8eb42d56 -> 
========================================================================
Received Import Request.
  Time since last request: 139.135109 seconds.
  path: Assets/Dialogue/Demo Dave.asset
  artifactKey: Guid(716404af05c8b0746a808cf0fa0826e1) Importer(815301076,1909f56bfc062723c751e8b465ee728b)
Start importing Assets/Dialogue/Demo Dave.asset using Guid(716404af05c8b0746a808cf0fa0826e1) Importer(815301076,1909f56bfc062723c751e8b465ee728b)  -> (artifact id: '4d2f69c925bea46d27149325e03173b6') in 0.058912 seconds 
  Import took 0.066806 seconds .

========================================================================
Received Import Request.
  Time since last request: 31.596713 seconds.
  path: Assets/Dialogue/Demo Dave.asset
  artifactKey: Guid(716404af05c8b0746a808cf0fa0826e1) Importer(815301076,1909f56bfc062723c751e8b465ee728b)
Start importing Assets/Dialogue/Demo Dave.asset using Guid(716404af05c8b0746a808cf0fa0826e1) Importer(815301076,1909f56bfc062723c751e8b465ee728b)  -> (artifact id: '3cb11fbc127e9b0926f8ff2648a4bbcc') in 0.004436 seconds 
  Import took 0.011560 seconds .

========================================================================
Received Import Request.
  Time since last request: 0.000549 seconds.
  path: Assets/Dialogue/Demo Dave.asset
  artifactKey: Guid(716404af05c8b0746a808cf0fa0826e1) Importer(815301076,1909f56bfc062723c751e8b465ee728b)
Start importing Assets/Dialogue/Demo Dave.asset using Guid(716404af05c8b0746a808cf0fa0826e1) Importer(815301076,1909f56bfc062723c751e8b465ee728b)  -> (artifact id: '3cb11fbc127e9b0926f8ff2648a4bbcc') in 0.004590 seconds 
  Import took 0.011088 seconds .

========================================================================
Received Prepare
Registering precompiled user dll's ...
Registered in 0.003507 seconds.
Begin MonoManager ReloadAssembly
Native extension for WindowsStandalone target not found
Refreshing native plugins compatible for Editor in 1.01 ms, found 2 plugins.
Preloading 0 native plugins for Editor in 0.00 ms.
Mono: successfully reloaded assembly
- Completed reload, in  1.104 seconds
Domain Reload Profiling:
	ReloadAssembly (1105ms)
		BeginReloadAssembly (112ms)
			ExecutionOrderSort (0ms)
			DisableScriptedObjects (4ms)
			BackupInstance (0ms)
			ReleaseScriptingObjects (0ms)
			CreateAndSetChildDomain (38ms)
		EndReloadAssembly (937ms)
			LoadAssemblies (81ms)
			RebuildTransferFunctionScriptingTraits (0ms)
			SetupTypeCache (342ms)
			ReleaseScriptCaches (2ms)
			RebuildScriptCaches (57ms)
			SetupLoadedEditorAssemblies (337ms)
				LogAssemblyErrors (0ms)
				InitializePlatformSupportModulesInManaged (5ms)
				SetLoadedEditorAssemblies (0ms)
				RefreshPlugins (1ms)
				BeforeProcessingInitializeOnLoad (93ms)
				ProcessInitializeOnLoadAttributes (227ms)
				ProcessInitializeOnLoadMethodAttributes (5ms)
				AfterProcessingInitializeOnLoad (6ms)
				EditorAssembliesLoaded (0ms)
			ExecutionOrderSort2 (0ms)
			AwakeInstancesAfterBackupRestoration (11ms)
Platform modules already initialized, skipping
Refreshing native plugins compatible for Editor in 1.07 ms, found 2 plugins.
Preloading 0 native plugins for Editor in 0.00 ms.
Unloading 3991 Unused Serialized files (Serialized files now loaded: 0)
System memory in use before: 159.4 MB.
System memory in use after: 159.7 MB.

Unloading 14 unused Assets to reduce memory usage. Loaded Objects now: 4548.
Total: 6.622100 ms (FindLiveObjects: 1.538300 ms CreateObjectMapping: 0.392700 ms MarkObjects: 4.659400 ms  DeleteObjects: 0.029400 ms)

AssetImportParameters requested are different than current active one (requested -> active):
  custom:framework-win-MediaFoundation: 216162199b28c13a410421893ffa2e32 -> 
  custom:video-decoder-ogg-theora: a1e56fd34408186e4bbccfd4996cb3dc -> 
  custom:container-muxer-webm: aa71ff27fc2769a1b78a27578f13a17b -> 
  custom:container-demuxer-webm: 4f35f7cbe854078d1ac9338744f61a02 -> 
  custom:container-demuxer-ogg: 62fdf1f143b41e24485cea50d1cbac27 -> 
  custom:video-encoder-webm-vp8: eb34c28f22e8b96e1ab97ce403110664 -> 
  custom:video-decoder-webm-vp8: 9c59270c3fd7afecdb556c50c9e8de78 -> 
  custom:audio-decoder-ogg-vorbis: bf7c407c2cedff20999df2af8eb42d56 -> 
  custom:audio-encoder-webm-vorbis: bf7c407c2cedff20999df2af8eb42d56 -> 
========================================================================
Received Import Request.
  Time since last request: 581.695797 seconds.
  path: Assets/Plugins/Pixel Crushers/Dialogue System/Templates
  artifactKey: Guid(d45dbb657e466894faf9dfa36fae4834) Importer(815301076,1909f56bfc062723c751e8b465ee728b)
Start importing Assets/Plugins/Pixel Crushers/Dialogue System/Templates using Guid(d45dbb657e466894faf9dfa36fae4834) Importer(815301076,1909f56bfc062723c751e8b465ee728b)  -> (artifact id: 'f7a2fb6e028edc7e9a0797d403dff4ed') in 0.016550 seconds 
  Import took 0.024794 seconds .

========================================================================
Received Import Request.
  Time since last request: 4.236067 seconds.
  path: Assets/Plugins/Pixel Crushers/Dialogue System/Scripts
  artifactKey: Guid(061865c12167a6442acce2e6b8ed494c) Importer(815301076,1909f56bfc062723c751e8b465ee728b)
Start importing Assets/Plugins/Pixel Crushers/Dialogue System/Scripts using Guid(061865c12167a6442acce2e6b8ed494c) Importer(815301076,1909f56bfc062723c751e8b465ee728b)  -> (artifact id: '5c7143f693096bb1487bdd7312e42a21') in 0.008091 seconds 
  Import took 0.015979 seconds .

========================================================================
Received Import Request.
  Time since last request: 5.477520 seconds.
  path: Assets/Plugins/Pixel Crushers/Dialogue System/Scripts/Manager
  artifactKey: Guid(7a00dec1e46a3104f9b0306a75ebc279) Importer(815301076,1909f56bfc062723c751e8b465ee728b)
Start importing Assets/Plugins/Pixel Crushers/Dialogue System/Scripts/Manager using Guid(7a00dec1e46a3104f9b0306a75ebc279) Importer(815301076,1909f56bfc062723c751e8b465ee728b)  -> (artifact id: '511bc28cddbfa175f7b036bd2c282d60') in 0.008920 seconds 
  Import took 0.019780 seconds .

========================================================================
Received Import Request.
  Time since last request: 2.458841 seconds.
  path: Assets/Plugins/Pixel Crushers/Dialogue System/Scripts/Lua
  artifactKey: Guid(642cc4e1e57ae734398fcffdf5dce2a4) Importer(815301076,1909f56bfc062723c751e8b465ee728b)
Start importing Assets/Plugins/Pixel Crushers/Dialogue System/Scripts/Lua using Guid(642cc4e1e57ae734398fcffdf5dce2a4) Importer(815301076,1909f56bfc062723c751e8b465ee728b)  -> (artifact id: '369b5ce61e949220b0dfbca374afaa78') in 0.008252 seconds 
  Import took 0.015249 seconds .

========================================================================
Received Import Request.
  Time since last request: 7.443487 seconds.
  path: Assets/Plugins/Pixel Crushers/Dialogue System/Prefabs/Standard UI Prefabs/Pro
  artifactKey: Guid(b1d34a5d9c43fdb4086e969a8767d06f) Importer(815301076,1909f56bfc062723c751e8b465ee728b)
Start importing Assets/Plugins/Pixel Crushers/Dialogue System/Prefabs/Standard UI Prefabs/Pro using Guid(b1d34a5d9c43fdb4086e969a8767d06f) Importer(815301076,1909f56bfc062723c751e8b465ee728b)  -> (artifact id: 'e065e4c04e1eb8bc35dfb984456e3bb1') in 0.008570 seconds 
  Import took 0.015380 seconds .

========================================================================
Received Import Request.
  Time since last request: 2.864940 seconds.
  path: Assets/Plugins/Pixel Crushers/Dialogue System/Prefabs/Standard UI Prefabs/Pro/Computer
  artifactKey: Guid(2b29ae6812984a14b95b29f67cf44532) Importer(815301076,1909f56bfc062723c751e8b465ee728b)
Start importing Assets/Plugins/Pixel Crushers/Dialogue System/Prefabs/Standard UI Prefabs/Pro/Computer using Guid(2b29ae6812984a14b95b29f67cf44532) Importer(815301076,1909f56bfc062723c751e8b465ee728b)  -> (artifact id: '7de0ee7a88fcbf5cb202eb8e1e685dcb') in 0.007814 seconds 
  Import took 0.014853 seconds .

========================================================================
Received Import Request.
  Time since last request: 0.993583 seconds.
  path: Assets/Plugins/Pixel Crushers/Dialogue System/Prefabs/Standard UI Prefabs/Pro/Computer/Computer Standard Dialogue UI.prefab
  artifactKey: Guid(576820d27454daf4bb3b31f6c63b04ca) Importer(815301076,1909f56bfc062723c751e8b465ee728b)
Start importing Assets/Plugins/Pixel Crushers/Dialogue System/Prefabs/Standard UI Prefabs/Pro/Computer/Computer Standard Dialogue UI.prefab using Guid(576820d27454daf4bb3b31f6c63b04ca) Importer(815301076,1909f56bfc062723c751e8b465ee728b)  -> (artifact id: '376d2d6951fb609814973bd6a42359ac') in 0.116711 seconds 
  Import took 0.123981 seconds .

========================================================================
Received Import Request.
  Time since last request: 26.691591 seconds.
  path: Assets/Plugins/Pixel Crushers/Dialogue System/Prefabs/Standard UI Prefabs/Pro/Nuke
  artifactKey: Guid(875113b6f9031f243920c94d75a4712a) Importer(815301076,1909f56bfc062723c751e8b465ee728b)
Start importing Assets/Plugins/Pixel Crushers/Dialogue System/Prefabs/Standard UI Prefabs/Pro/Nuke using Guid(875113b6f9031f243920c94d75a4712a) Importer(815301076,1909f56bfc062723c751e8b465ee728b)  -> (artifact id: 'bfe2a94ffbd733e8cbe9119d7458e890') in 0.009278 seconds 
  Import took 0.020413 seconds .

========================================================================
Received Import Request.
  Time since last request: 0.733120 seconds.
  path: Assets/Plugins/Pixel Crushers/Dialogue System/Prefabs/Standard UI Prefabs/Pro/Nuke/Nuke Standard Dialogue UI.prefab
  artifactKey: Guid(3275a4cc1b86c8c4592779f97f1d9fd1) Importer(815301076,1909f56bfc062723c751e8b465ee728b)
Start importing Assets/Plugins/Pixel Crushers/Dialogue System/Prefabs/Standard UI Prefabs/Pro/Nuke/Nuke Standard Dialogue UI.prefab using Guid(3275a4cc1b86c8c4592779f97f1d9fd1) Importer(815301076,1909f56bfc062723c751e8b465ee728b)  -> (artifact id: '2de24741fd0d5988defef613af731998') in 0.023833 seconds 
  Import took 0.031607 seconds .

========================================================================
Received Import Request.
  Time since last request: 7.414633 seconds.
  path: Assets/Plugins/Pixel Crushers/Dialogue System/Prefabs/Standard UI Prefabs/Pro/SMS
  artifactKey: Guid(9d34c9f33dc20764d88cb76a4740da6f) Importer(815301076,1909f56bfc062723c751e8b465ee728b)
Start importing Assets/Plugins/Pixel Crushers/Dialogue System/Prefabs/Standard UI Prefabs/Pro/SMS using Guid(9d34c9f33dc20764d88cb76a4740da6f) Importer(815301076,1909f56bfc062723c751e8b465ee728b)  -> (artifact id: '69c0aee738345366a1e49747081ceabc') in 0.010923 seconds 
  Import took 0.018211 seconds .

========================================================================
Received Import Request.
  Time since last request: 1.131518 seconds.
  path: Assets/Plugins/Pixel Crushers/Dialogue System/Prefabs/Standard UI Prefabs/Pro/SMS/SMS Dialogue UI.prefab
  artifactKey: Guid(110a7148858b6f74c87ceac031c8eaba) Importer(815301076,1909f56bfc062723c751e8b465ee728b)
Start importing Assets/Plugins/Pixel Crushers/Dialogue System/Prefabs/Standard UI Prefabs/Pro/SMS/SMS Dialogue UI.prefab using Guid(110a7148858b6f74c87ceac031c8eaba) Importer(815301076,1909f56bfc062723c751e8b465ee728b)  -> (artifact id: '0b72a7f40ce2313ce7073aa2a6e3317d') in 0.015114 seconds 
  Import took 0.022343 seconds .

========================================================================
Received Import Request.
  Time since last request: 7.587500 seconds.
  path: Assets/Plugins/Pixel Crushers/Dialogue System/Prefabs/Standard UI Prefabs/Pro/Circle
  artifactKey: Guid(00ee2f5034106e3429280c870b0bdcf0) Importer(815301076,1909f56bfc062723c751e8b465ee728b)
Start importing Assets/Plugins/Pixel Crushers/Dialogue System/Prefabs/Standard UI Prefabs/Pro/Circle using Guid(00ee2f5034106e3429280c870b0bdcf0) Importer(815301076,1909f56bfc062723c751e8b465ee728b)  -> (artifact id: '994710a72a7119d511016e5b25ee5b71') in 0.007025 seconds 
  Import took 0.016321 seconds .

========================================================================
Received Import Request.
  Time since last request: 0.732908 seconds.
  path: Assets/Plugins/Pixel Crushers/Dialogue System/Prefabs/Standard UI Prefabs/Pro/Circle/Circle Standard Dialogue UI.prefab
  artifactKey: Guid(adc24357fea057a4884a14c87b85b1cd) Importer(815301076,1909f56bfc062723c751e8b465ee728b)
Start importing Assets/Plugins/Pixel Crushers/Dialogue System/Prefabs/Standard UI Prefabs/Pro/Circle/Circle Standard Dialogue UI.prefab using Guid(adc24357fea057a4884a14c87b85b1cd) Importer(815301076,1909f56bfc062723c751e8b465ee728b)  -> (artifact id: '70670f1ddb25ef54e4740bb9ecdc5d02') in 0.023448 seconds 
  Import took 0.031071 seconds .

========================================================================
Received Import Request.
  Time since last request: 3.371894 seconds.
  path: Assets/Plugins/Pixel Crushers/Dialogue System/Prefabs/Standard UI Prefabs/Pro/Old School
  artifactKey: Guid(67267156bbf5a704da11d8fcbe59c3af) Importer(815301076,1909f56bfc062723c751e8b465ee728b)
Start importing Assets/Plugins/Pixel Crushers/Dialogue System/Prefabs/Standard UI Prefabs/Pro/Old School using Guid(67267156bbf5a704da11d8fcbe59c3af) Importer(815301076,1909f56bfc062723c751e8b465ee728b)  -> (artifact id: 'ceb8a7ed6fe23b4a325e04c17074f913') in 0.007414 seconds 
  Import took 0.016667 seconds .

========================================================================
Received Import Request.
  Time since last request: 0.648723 seconds.
  path: Assets/Plugins/Pixel Crushers/Dialogue System/Prefabs/Standard UI Prefabs/Pro/Old School/Old School Standard Dialogue UI.prefab
  artifactKey: Guid(48c4026eae2c41d4a8767272f2830356) Importer(815301076,1909f56bfc062723c751e8b465ee728b)
Start importing Assets/Plugins/Pixel Crushers/Dialogue System/Prefabs/Standard UI Prefabs/Pro/Old School/Old School Standard Dialogue UI.prefab using Guid(48c4026eae2c41d4a8767272f2830356) Importer(815301076,1909f56bfc062723c751e8b465ee728b)  -> (artifact id: 'ed31ca4040776cfe76f4c83ede5d523f') in 0.017134 seconds 
  Import took 0.024556 seconds .

========================================================================
Received Import Request.
  Time since last request: 9.933848 seconds.
  path: Assets/Plugins/Pixel Crushers/Dialogue System/Prefabs/Standard UI Prefabs/Pro/Sci-fi
  artifactKey: Guid(4f0e27cfabd78694fbd711ab8602e61a) Importer(815301076,1909f56bfc062723c751e8b465ee728b)
Start importing Assets/Plugins/Pixel Crushers/Dialogue System/Prefabs/Standard UI Prefabs/Pro/Sci-fi using Guid(4f0e27cfabd78694fbd711ab8602e61a) Importer(815301076,1909f56bfc062723c751e8b465ee728b)  -> (artifact id: '64b6668c30dfca19b7323f0abae0a964') in 0.006574 seconds 
  Import took 0.013984 seconds .

========================================================================
Received Import Request.
  Time since last request: 0.802503 seconds.
  path: Assets/Plugins/Pixel Crushers/Dialogue System/Prefabs/Standard UI Prefabs/Pro/Sci-fi/Sci-fi Standard Dialogue UI.prefab
  artifactKey: Guid(d4435d68dd2fab14e933d23e59ac343f) Importer(815301076,1909f56bfc062723c751e8b465ee728b)
Start importing Assets/Plugins/Pixel Crushers/Dialogue System/Prefabs/Standard UI Prefabs/Pro/Sci-fi/Sci-fi Standard Dialogue UI.prefab using Guid(d4435d68dd2fab14e933d23e59ac343f) Importer(815301076,1909f56bfc062723c751e8b465ee728b)  -> (artifact id: 'b02af605dcd02a2566c92077c991a98f') in 0.018332 seconds 
  Import took 0.025829 seconds .

========================================================================
Received Import Request.
  Time since last request: 3.253351 seconds.
  path: Assets/Plugins/Pixel Crushers/Dialogue System/Prefabs/Standard UI Prefabs/Pro/Scrolling
  artifactKey: Guid(5180078021f099d4ab4b6cfa1010b31e) Importer(815301076,1909f56bfc062723c751e8b465ee728b)
Start importing Assets/Plugins/Pixel Crushers/Dialogue System/Prefabs/Standard UI Prefabs/Pro/Scrolling using Guid(5180078021f099d4ab4b6cfa1010b31e) Importer(815301076,1909f56bfc062723c751e8b465ee728b)  -> (artifact id: '4de8e6f9eda2f75e1e87a3880ab7dc26') in 0.007155 seconds 
  Import took 0.015367 seconds .

========================================================================
Received Import Request.
  Time since last request: 1.189358 seconds.
  path: Assets/Plugins/Pixel Crushers/Dialogue System/Prefabs/Standard UI Prefabs/Pro/Scrolling/Scrolling Dialogue UI.prefab
  artifactKey: Guid(b85118f82c276504f859890a517fa02c) Importer(815301076,1909f56bfc062723c751e8b465ee728b)
Start importing Assets/Plugins/Pixel Crushers/Dialogue System/Prefabs/Standard UI Prefabs/Pro/Scrolling/Scrolling Dialogue UI.prefab using Guid(b85118f82c276504f859890a517fa02c) Importer(815301076,1909f56bfc062723c751e8b465ee728b)  -> (artifact id: '06db55a7751b06bf6121860d3295ac9d') in 0.015889 seconds 
  Import took 0.022927 seconds .

========================================================================
Received Import Request.
  Time since last request: 4.159527 seconds.
  path: Assets/Plugins/Pixel Crushers/Dialogue System/Prefabs/Standard UI Prefabs/Pro/Wheel
  artifactKey: Guid(1872465a346e8c84ea6d1b869bcea05d) Importer(815301076,1909f56bfc062723c751e8b465ee728b)
Start importing Assets/Plugins/Pixel Crushers/Dialogue System/Prefabs/Standard UI Prefabs/Pro/Wheel using Guid(1872465a346e8c84ea6d1b869bcea05d) Importer(815301076,1909f56bfc062723c751e8b465ee728b)  -> (artifact id: '924a187548e462e3769cb376afaad2d8') in 0.007313 seconds 
  Import took 0.016651 seconds .

========================================================================
Received Import Request.
  Time since last request: 1.210603 seconds.
  path: Assets/Plugins/Pixel Crushers/Dialogue System/Prefabs/Standard UI Prefabs/Pro/Wheel/Wheel Standard Dialogue UI.prefab
  artifactKey: Guid(5c56f58e2d14e894c96171a7540a6a1d) Importer(815301076,1909f56bfc062723c751e8b465ee728b)
Start importing Assets/Plugins/Pixel Crushers/Dialogue System/Prefabs/Standard UI Prefabs/Pro/Wheel/Wheel Standard Dialogue UI.prefab using Guid(5c56f58e2d14e894c96171a7540a6a1d) Importer(815301076,1909f56bfc062723c751e8b465ee728b)  -> (artifact id: 'f47b60f9d4813f1ad675b00b93c65ae4') in 0.023930 seconds 
  Import took 0.031723 seconds .

========================================================================
Received Import Request.
  Time since last request: 32.953999 seconds.
  path: Assets/Plugins/Pixel Crushers/Dialogue System/Prefabs/Art/SceneFaderCanvas.prefab
  artifactKey: Guid(57901d8399fd6e74fbabbc9956f39557) Importer(815301076,1909f56bfc062723c751e8b465ee728b)
Start importing Assets/Plugins/Pixel Crushers/Dialogue System/Prefabs/Art/SceneFaderCanvas.prefab using Guid(57901d8399fd6e74fbabbc9956f39557) Importer(815301076,1909f56bfc062723c751e8b465ee728b)  -> (artifact id: 'ce2b614ded2b7277e05f9c6c9845510e') in 0.011874 seconds 
  Import took 0.019388 seconds .

========================================================================
Received Import Request.
  Time since last request: 0.003355 seconds.
  path: Assets/Plugins/Pixel Crushers/Dialogue System/Prefabs/Art/SceneFaderCanvas.prefab
  artifactKey: Guid(57901d8399fd6e74fbabbc9956f39557) Importer(815301076,1909f56bfc062723c751e8b465ee728b)
Start importing Assets/Plugins/Pixel Crushers/Dialogue System/Prefabs/Art/SceneFaderCanvas.prefab using Guid(57901d8399fd6e74fbabbc9956f39557) Importer(815301076,1909f56bfc062723c751e8b465ee728b)  -> (artifact id: 'ce2b614ded2b7277e05f9c6c9845510e') in 0.005595 seconds 
  Import took 0.011631 seconds .

========================================================================
Received Import Request.
  Time since last request: 1.476394 seconds.
  path: Assets/Plugins/Pixel Crushers/Dialogue System/Prefabs/Art/Animation
  artifactKey: Guid(8d6ef8b80736aef4e80b25ae9d6cbfae) Importer(815301076,1909f56bfc062723c751e8b465ee728b)
Start importing Assets/Plugins/Pixel Crushers/Dialogue System/Prefabs/Art/Animation using Guid(8d6ef8b80736aef4e80b25ae9d6cbfae) Importer(815301076,1909f56bfc062723c751e8b465ee728b)  -> (artifact id: '1c27041efd80c1503e22ec8231e47a9a') in 0.006573 seconds 
  Import took 0.014745 seconds .

========================================================================
Received Import Request.
  Time since last request: 2.313474 seconds.
  path: Assets/Plugins/Pixel Crushers/Dialogue System/Prefabs/Art/Animation/Portrait Animator
  artifactKey: Guid(61ce546bc3b364a47bdda102f5125b04) Importer(815301076,1909f56bfc062723c751e8b465ee728b)
Start importing Assets/Plugins/Pixel Crushers/Dialogue System/Prefabs/Art/Animation/Portrait Animator using Guid(61ce546bc3b364a47bdda102f5125b04) Importer(815301076,1909f56bfc062723c751e8b465ee728b)  -> (artifact id: '47cb35707cc0cabacf1dbd6b09d12d6f') in 0.007075 seconds 
  Import took 0.015130 seconds .

========================================================================
Received Import Request.
  Time since last request: 0.689220 seconds.
  path: Assets/Plugins/Pixel Crushers/Dialogue System/Prefabs/Art/Animation/Expanding Panel Animator
  artifactKey: Guid(6195237e6974e264a8a2e7584b75cc09) Importer(815301076,1909f56bfc062723c751e8b465ee728b)
Start importing Assets/Plugins/Pixel Crushers/Dialogue System/Prefabs/Art/Animation/Expanding Panel Animator using Guid(6195237e6974e264a8a2e7584b75cc09) Importer(815301076,1909f56bfc062723c751e8b465ee728b)  -> (artifact id: 'fbaaf6e92df9fdc32646bbc75e8a38f6') in 0.006861 seconds 
  Import took 0.013986 seconds .

========================================================================
Received Import Request.
  Time since last request: 5.744120 seconds.
  path: Assets/Plugins/Pixel Crushers/Dialogue System/Prefabs/Art/Animation/Portrait Animator/Portrait Animator Controller.controller
  artifactKey: Guid(8609510edf156cb41a7ad166e9310936) Importer(815301076,1909f56bfc062723c751e8b465ee728b)
Start importing Assets/Plugins/Pixel Crushers/Dialogue System/Prefabs/Art/Animation/Portrait Animator/Portrait Animator Controller.controller using Guid(8609510edf156cb41a7ad166e9310936) Importer(815301076,1909f56bfc062723c751e8b465ee728b)  -> (artifact id: 'f082b93e32aa595f3820747c3e9472d0') in 0.013346 seconds 
  Import took 0.021717 seconds .

========================================================================
Received Import Request.
  Time since last request: 4.620347 seconds.
  path: Assets/Plugins/Pixel Crushers/Dialogue System/Prefabs/Art/Shared Audio
  artifactKey: Guid(75cdde3ede27b904d86b9b4efa146b8c) Importer(815301076,1909f56bfc062723c751e8b465ee728b)
Start importing Assets/Plugins/Pixel Crushers/Dialogue System/Prefabs/Art/Shared Audio using Guid(75cdde3ede27b904d86b9b4efa146b8c) Importer(815301076,1909f56bfc062723c751e8b465ee728b)  -> (artifact id: '71250ea53d1cdcf996a2c1584a587b8f') in 0.006868 seconds 
  Import took 0.016803 seconds .

========================================================================
Received Import Request.
  Time since last request: 2.270842 seconds.
  path: Assets/Plugins/Pixel Crushers/Dialogue System/Prefabs/Art/Shared Audio/typewriter.ogg
  artifactKey: Guid(3f422aad134ac5542a4860dba28110f4) Importer(815301076,1909f56bfc062723c751e8b465ee728b)
Start importing Assets/Plugins/Pixel Crushers/Dialogue System/Prefabs/Art/Shared Audio/typewriter.ogg using Guid(3f422aad134ac5542a4860dba28110f4) Importer(815301076,1909f56bfc062723c751e8b465ee728b)  -> (artifact id: '410c3acaa17d1e1fe79422ad7dd6bf74') in 0.115346 seconds 
  Import took 0.121798 seconds .

========================================================================
Received Import Request.
  Time since last request: 5.278394 seconds.
  path: Assets/Plugins/Pixel Crushers/Dialogue System/Prefabs/Art/Shared Audio/hover.ogg
  artifactKey: Guid(cdebbd691d1e7c748955b62cef466831) Importer(815301076,1909f56bfc062723c751e8b465ee728b)
Start importing Assets/Plugins/Pixel Crushers/Dialogue System/Prefabs/Art/Shared Audio/hover.ogg using Guid(cdebbd691d1e7c748955b62cef466831) Importer(815301076,1909f56bfc062723c751e8b465ee728b)  -> (artifact id: 'b26eca7808c7d48921b8f5888072ffe5') in 0.013432 seconds 
  Import took 0.020454 seconds .

========================================================================
Received Import Request.
  Time since last request: 6.452844 seconds.
  path: Assets/Plugins/Pixel Crushers/Dialogue System/Prefabs/Art/Shared Audio/click.ogg
  artifactKey: Guid(37cc5c4c34e880e4ea94f0daa8bb4aef) Importer(815301076,1909f56bfc062723c751e8b465ee728b)
Start importing Assets/Plugins/Pixel Crushers/Dialogue System/Prefabs/Art/Shared Audio/click.ogg using Guid(37cc5c4c34e880e4ea94f0daa8bb4aef) Importer(815301076,1909f56bfc062723c751e8b465ee728b)  -> (artifact id: '8f3f0ab8bd75dc9de3eb09a3c72beac0') in 0.015574 seconds 
  Import took 0.022027 seconds .

========================================================================
Received Import Request.
  Time since last request: 12.861415 seconds.
  path: Assets/Plugins/Pixel Crushers/Dialogue System/Prefabs/Art/Fonts
  artifactKey: Guid(4b7b07a39f6e78544ae549df363f2d11) Importer(815301076,1909f56bfc062723c751e8b465ee728b)
Start importing Assets/Plugins/Pixel Crushers/Dialogue System/Prefabs/Art/Fonts using Guid(4b7b07a39f6e78544ae549df363f2d11) Importer(815301076,1909f56bfc062723c751e8b465ee728b)  -> (artifact id: '58bb1c04c93de33fa3e8449a236e1cad') in 0.009044 seconds 
  Import took 0.019942 seconds .

========================================================================
Received Import Request.
  Time since last request: 3.884298 seconds.
  path: Assets/Plugins/Pixel Crushers/Dialogue System/Wrappers
  artifactKey: Guid(0ee6bd45641c01e4f94f1a68b5991aac) Importer(815301076,1909f56bfc062723c751e8b465ee728b)
Start importing Assets/Plugins/Pixel Crushers/Dialogue System/Wrappers using Guid(0ee6bd45641c01e4f94f1a68b5991aac) Importer(815301076,1909f56bfc062723c751e8b465ee728b)  -> (artifact id: 'b6102cb0f63a3410776f1ed186c7b961') in 0.007026 seconds 
  Import took 0.013495 seconds .

========================================================================
Received Import Request.
  Time since last request: 2.305970 seconds.
  path: Assets/Plugins/Pixel Crushers/Dialogue System/Wrappers/Quests
  artifactKey: Guid(cde89ff1a76ea09408ef9615a79ef5e0) Importer(815301076,1909f56bfc062723c751e8b465ee728b)
Start importing Assets/Plugins/Pixel Crushers/Dialogue System/Wrappers/Quests using Guid(cde89ff1a76ea09408ef9615a79ef5e0) Importer(815301076,1909f56bfc062723c751e8b465ee728b)  -> (artifact id: '7c1d1dab99766bd90d80eed5535dcae1') in 0.007117 seconds 
  Import took 0.014219 seconds .

========================================================================
Received Import Request.
  Time since last request: 6.841919 seconds.
  path: Assets/Plugins/Pixel Crushers/Dialogue System/Wrappers/Manager
  artifactKey: Guid(1430ddb9a7e0537428b8a8ae9ee1feb5) Importer(815301076,1909f56bfc062723c751e8b465ee728b)
Start importing Assets/Plugins/Pixel Crushers/Dialogue System/Wrappers/Manager using Guid(1430ddb9a7e0537428b8a8ae9ee1feb5) Importer(815301076,1909f56bfc062723c751e8b465ee728b)  -> (artifact id: 'dec824805ec1cb04d5f2206e3f05edb5') in 0.004797 seconds 
  Import took 0.013136 seconds .

========================================================================
Received Import Request.
  Time since last request: 3.891147 seconds.
  path: Assets/Plugins/Pixel Crushers/Dialogue System/Wrappers/Demo
  artifactKey: Guid(a298f4f872e6fb3469759035fd17ffc7) Importer(815301076,1909f56bfc062723c751e8b465ee728b)
Start importing Assets/Plugins/Pixel Crushers/Dialogue System/Wrappers/Demo using Guid(a298f4f872e6fb3469759035fd17ffc7) Importer(815301076,1909f56bfc062723c751e8b465ee728b)  -> (artifact id: 'f1c9bf7eecdbec3292fd140df76c32f6') in 0.008137 seconds 
  Import took 0.017735 seconds .

========================================================================
Received Import Request.
  Time since last request: 4.219023 seconds.
  path: Assets/Plugins/Pixel Crushers/Dialogue System/Wrappers/Demo/DemoMenu.cs
  artifactKey: Guid(b7a2840b06cde3b479416623b4d15788) Importer(815301076,1909f56bfc062723c751e8b465ee728b)
Start importing Assets/Plugins/Pixel Crushers/Dialogue System/Wrappers/Demo/DemoMenu.cs using Guid(b7a2840b06cde3b479416623b4d15788) Importer(815301076,1909f56bfc062723c751e8b465ee728b)  -> (artifact id: '0eb33dd6d76de17b5b851cb3724a2c0a') in 0.014398 seconds 
  Import took 0.021618 seconds .

========================================================================
Received Import Request.
  Time since last request: 5.389234 seconds.
  path: Assets/Plugins/Pixel Crushers/Dialogue System/Wrappers/UI
  artifactKey: Guid(d245f3534e726e641ad268a1b1425e53) Importer(815301076,1909f56bfc062723c751e8b465ee728b)
Start importing Assets/Plugins/Pixel Crushers/Dialogue System/Wrappers/UI using Guid(d245f3534e726e641ad268a1b1425e53) Importer(815301076,1909f56bfc062723c751e8b465ee728b)  -> (artifact id: '31a36bbba470afadd3feecd2f12e65f5') in 0.007193 seconds 
  Import took 0.013863 seconds .

========================================================================
Received Import Request.
  Time since last request: 1.781176 seconds.
  path: Assets/Plugins/Pixel Crushers/Dialogue System/Wrappers/UI/Unity UI
  artifactKey: Guid(7391cc00b0338224f95e055d6a5e5cb7) Importer(815301076,1909f56bfc062723c751e8b465ee728b)
Start importing Assets/Plugins/Pixel Crushers/Dialogue System/Wrappers/UI/Unity UI using Guid(7391cc00b0338224f95e055d6a5e5cb7) Importer(815301076,1909f56bfc062723c751e8b465ee728b)  -> (artifact id: 'a69b6ba5f7c2b34126310d5d44391e03') in 0.007012 seconds 
  Import took 0.016209 seconds .

========================================================================
Received Import Request.
  Time since last request: 1.587919 seconds.
  path: Assets/Plugins/Pixel Crushers/Dialogue System/Wrappers/UI/Unity UI/Bark
  artifactKey: Guid(c8104b06c99afa54aa9593c87aa4c073) Importer(815301076,1909f56bfc062723c751e8b465ee728b)
Start importing Assets/Plugins/Pixel Crushers/Dialogue System/Wrappers/UI/Unity UI/Bark using Guid(c8104b06c99afa54aa9593c87aa4c073) Importer(815301076,1909f56bfc062723c751e8b465ee728b)  -> (artifact id: '313d84d4307895f396302640756ae680') in 0.006759 seconds 
  Import took 0.013284 seconds .

========================================================================
Received Import Request.
  Time since last request: 1.108869 seconds.
  path: Assets/Plugins/Pixel Crushers/Dialogue System/Wrappers/UI/Unity UI/Bark/UnityUIBarkUI.cs
  artifactKey: Guid(95da539ddbc2549419f3b1747d96dfab) Importer(815301076,1909f56bfc062723c751e8b465ee728b)
Start importing Assets/Plugins/Pixel Crushers/Dialogue System/Wrappers/UI/Unity UI/Bark/UnityUIBarkUI.cs using Guid(95da539ddbc2549419f3b1747d96dfab) Importer(815301076,1909f56bfc062723c751e8b465ee728b)  -> (artifact id: 'ebe28f628809f2e1b7729d515052c3b7') in 0.006775 seconds 
  Import took 0.013698 seconds .

========================================================================
Received Import Request.
  Time since last request: 267.853008 seconds.
  path: Assets/Plugins/Pixel Crushers/Dialogue System/Prefabs/Standard UI Prefabs/Templates
  artifactKey: Guid(c35993b97d444eb448506e29184f1f05) Importer(815301076,1909f56bfc062723c751e8b465ee728b)
Start importing Assets/Plugins/Pixel Crushers/Dialogue System/Prefabs/Standard UI Prefabs/Templates using Guid(c35993b97d444eb448506e29184f1f05) Importer(815301076,1909f56bfc062723c751e8b465ee728b)  -> (artifact id: '4570de8584b32a8e196a5e81f798fb01') in 0.002825 seconds 
  Import took 0.013069 seconds .

========================================================================
Received Import Request.
  Time since last request: 2.367594 seconds.
  path: Assets/Plugins/Pixel Crushers/Dialogue System/Prefabs/Standard UI Prefabs/Templates/Bubble
  artifactKey: Guid(d62c78b44445bdb40802f5eaebe53fe4) Importer(815301076,1909f56bfc062723c751e8b465ee728b)
Start importing Assets/Plugins/Pixel Crushers/Dialogue System/Prefabs/Standard UI Prefabs/Templates/Bubble using Guid(d62c78b44445bdb40802f5eaebe53fe4) Importer(815301076,1909f56bfc062723c751e8b465ee728b)  -> (artifact id: '5f33f97fbebd0d40ce991601987e48ed') in 0.009538 seconds 
  Import took 0.016579 seconds .

========================================================================
Received Import Request.
  Time since last request: 15.102978 seconds.
  path: Assets/Plugins/Pixel Crushers/Dialogue System/Prefabs/Standard UI Prefabs/Templates/Bubble/Bubble Template Standard UI Menu Panel.prefab
  artifactKey: Guid(7ad6c6a623182da45943ac32462b53dd) Importer(815301076,1909f56bfc062723c751e8b465ee728b)
Start importing Assets/Plugins/Pixel Crushers/Dialogue System/Prefabs/Standard UI Prefabs/Templates/Bubble/Bubble Template Standard UI Menu Panel.prefab using Guid(7ad6c6a623182da45943ac32462b53dd) Importer(815301076,1909f56bfc062723c751e8b465ee728b)  -> (artifact id: '4a898582edf7bc75f76d3b47cd28499e') in 0.011679 seconds 
  Import took 0.019262 seconds .

========================================================================
Received Import Request.
  Time since last request: 0.109023 seconds.
  path: Assets/Plugins/Pixel Crushers/Dialogue System/Prefabs/Standard UI Prefabs/Templates/Bubble/Bubble Template Standard UI Menu Panel.prefab
  artifactKey: Guid(7ad6c6a623182da45943ac32462b53dd) Importer(815301076,1909f56bfc062723c751e8b465ee728b)
Start importing Assets/Plugins/Pixel Crushers/Dialogue System/Prefabs/Standard UI Prefabs/Templates/Bubble/Bubble Template Standard UI Menu Panel.prefab using Guid(7ad6c6a623182da45943ac32462b53dd) Importer(815301076,1909f56bfc062723c751e8b465ee728b)  -> (artifact id: 'bdc88fdb808a16ceb9de750bbfbea259') in 0.009296 seconds 
  Import took 0.016664 seconds .

========================================================================
Received Import Request.
  Time since last request: 1.936293 seconds.
  path: Assets/Plugins/Pixel Crushers/Dialogue System/Prefabs/Standard UI Prefabs/Templates/Bubble/Bubble Template Standard Bark UI.prefab
  artifactKey: Guid(d5a18ab9ec93e0d4284d6fbae4f557e0) Importer(815301076,1909f56bfc062723c751e8b465ee728b)
Start importing Assets/Plugins/Pixel Crushers/Dialogue System/Prefabs/Standard UI Prefabs/Templates/Bubble/Bubble Template Standard Bark UI.prefab using Guid(d5a18ab9ec93e0d4284d6fbae4f557e0) Importer(815301076,1909f56bfc062723c751e8b465ee728b)  -> (artifact id: '99b36f15c954a2748ad3aa16e665816b') in 0.014790 seconds 
  Import took 0.022669 seconds .

========================================================================
Received Import Request.
  Time since last request: 0.081680 seconds.
  path: Assets/Plugins/Pixel Crushers/Dialogue System/Prefabs/Standard UI Prefabs/Templates/Bubble/Bubble Template Standard Bark UI.prefab
  artifactKey: Guid(d5a18ab9ec93e0d4284d6fbae4f557e0) Importer(815301076,1909f56bfc062723c751e8b465ee728b)
Start importing Assets/Plugins/Pixel Crushers/Dialogue System/Prefabs/Standard UI Prefabs/Templates/Bubble/Bubble Template Standard Bark UI.prefab using Guid(d5a18ab9ec93e0d4284d6fbae4f557e0) Importer(815301076,1909f56bfc062723c751e8b465ee728b)  -> (artifact id: '756b29a0b31fbd6202ea96f6a808e113') in 0.006186 seconds 
  Import took 0.013810 seconds .

========================================================================
Received Import Request.
  Time since last request: 0.010286 seconds.
  path: Assets/Plugins/Pixel Crushers/Dialogue System/Prefabs/Standard UI Prefabs/Templates/Bubble/Bubble Template Standard Bark UI.prefab
  artifactKey: Guid(d5a18ab9ec93e0d4284d6fbae4f557e0) Importer(815301076,1909f56bfc062723c751e8b465ee728b)
Start importing Assets/Plugins/Pixel Crushers/Dialogue System/Prefabs/Standard UI Prefabs/Templates/Bubble/Bubble Template Standard Bark UI.prefab using Guid(d5a18ab9ec93e0d4284d6fbae4f557e0) Importer(815301076,1909f56bfc062723c751e8b465ee728b)  -> (artifact id: '756b29a0b31fbd6202ea96f6a808e113') in 0.006801 seconds 
  Import took 0.013234 seconds .

========================================================================
Received Import Request.
  Time since last request: 0.586433 seconds.
  path: Assets/Plugins/Pixel Crushers/Dialogue System/Prefabs/Standard UI Prefabs/Templates/Bubble/Bubble Template Standard UI Subtitle Panel.prefab
  artifactKey: Guid(9052074e55e1f964c8c25e4b6d86be6c) Importer(815301076,1909f56bfc062723c751e8b465ee728b)
Start importing Assets/Plugins/Pixel Crushers/Dialogue System/Prefabs/Standard UI Prefabs/Templates/Bubble/Bubble Template Standard UI Subtitle Panel.prefab using Guid(9052074e55e1f964c8c25e4b6d86be6c) Importer(815301076,1909f56bfc062723c751e8b465ee728b)  -> (artifact id: '18abb7d6972570ea75aba8374ef296ce') in 0.011473 seconds 
  Import took 0.019494 seconds .

========================================================================
Received Import Request.
  Time since last request: 0.084961 seconds.
  path: Assets/Plugins/Pixel Crushers/Dialogue System/Prefabs/Standard UI Prefabs/Templates/Bubble/Bubble Template Standard UI Subtitle Panel.prefab
  artifactKey: Guid(9052074e55e1f964c8c25e4b6d86be6c) Importer(815301076,1909f56bfc062723c751e8b465ee728b)
Start importing Assets/Plugins/Pixel Crushers/Dialogue System/Prefabs/Standard UI Prefabs/Templates/Bubble/Bubble Template Standard UI Subtitle Panel.prefab using Guid(9052074e55e1f964c8c25e4b6d86be6c) Importer(815301076,1909f56bfc062723c751e8b465ee728b)  -> (artifact id: '3e37973e7291d19b3e4935c7d80a1940') in 0.006313 seconds 
  Import took 0.013572 seconds .

========================================================================
Received Import Request.
  Time since last request: 10.001580 seconds.
  path: Assets/Plugins/Pixel Crushers/Dialogue System/Prefabs/Standard UI Prefabs/Templates/Bubble/Bubble Template Standard UI Subtitle Panel.prefab
  artifactKey: Guid(9052074e55e1f964c8c25e4b6d86be6c) Importer(815301076,1909f56bfc062723c751e8b465ee728b)
Start importing Assets/Plugins/Pixel Crushers/Dialogue System/Prefabs/Standard UI Prefabs/Templates/Bubble/Bubble Template Standard UI Subtitle Panel.prefab using Guid(9052074e55e1f964c8c25e4b6d86be6c) Importer(815301076,1909f56bfc062723c751e8b465ee728b)  -> (artifact id: '3204209ef5a927d634248ecc1c8666a1') in 0.006139 seconds 
  Import took 0.013116 seconds .

========================================================================
Received Import Request.
  Time since last request: 6.850657 seconds.
  path: Assets/Plugins/Pixel Crushers/Dialogue System/Prefabs/Standard UI Prefabs/Templates/Bubble/Bubble Template Standard Bark UI.prefab
  artifactKey: Guid(d5a18ab9ec93e0d4284d6fbae4f557e0) Importer(815301076,1909f56bfc062723c751e8b465ee728b)
Start importing Assets/Plugins/Pixel Crushers/Dialogue System/Prefabs/Standard UI Prefabs/Templates/Bubble/Bubble Template Standard Bark UI.prefab using Guid(d5a18ab9ec93e0d4284d6fbae4f557e0) Importer(815301076,1909f56bfc062723c751e8b465ee728b)  -> (artifact id: '33065d09d9c18ac0e32814862e50767a') in 0.006602 seconds 
  Import took 0.015273 seconds .

========================================================================
Received Import Request.
  Time since last request: 3.399694 seconds.
  path: Assets/Plugins/Pixel Crushers/Dialogue System/Prefabs/Standard UI Prefabs/Templates/JRPG
  artifactKey: Guid(1e67ffafac7f61847bb240ed9a41b276) Importer(815301076,1909f56bfc062723c751e8b465ee728b)
Start importing Assets/Plugins/Pixel Crushers/Dialogue System/Prefabs/Standard UI Prefabs/Templates/JRPG using Guid(1e67ffafac7f61847bb240ed9a41b276) Importer(815301076,1909f56bfc062723c751e8b465ee728b)  -> (artifact id: 'a77a139977213218de6306296ff8bd12') in 0.008921 seconds 
  Import took 0.015644 seconds .

========================================================================
Received Import Request.
  Time since last request: 0.819967 seconds.
  path: Assets/Plugins/Pixel Crushers/Dialogue System/Prefabs/Standard UI Prefabs/Templates/JRPG/JRPG Template Standard Dialogue UI.prefab
  artifactKey: Guid(77d31c2998b2bd148b0ede2a5ab00489) Importer(815301076,1909f56bfc062723c751e8b465ee728b)
Start importing Assets/Plugins/Pixel Crushers/Dialogue System/Prefabs/Standard UI Prefabs/Templates/JRPG/JRPG Template Standard Dialogue UI.prefab using Guid(77d31c2998b2bd148b0ede2a5ab00489) Importer(815301076,1909f56bfc062723c751e8b465ee728b)  -> (artifact id: '6d3cf5b5955fe3efe62acabbc9a00342') in 0.016819 seconds 
  Import took 0.024199 seconds .

========================================================================
Received Import Request.
  Time since last request: 7.457477 seconds.
  path: Assets/Plugins/Pixel Crushers/Dialogue System/Scripts/Options/Timeline/Playables/Bark
  artifactKey: Guid(7d2b163b6644c354a9d4017087706b5e) Importer(815301076,1909f56bfc062723c751e8b465ee728b)
Start importing Assets/Plugins/Pixel Crushers/Dialogue System/Scripts/Options/Timeline/Playables/Bark using Guid(7d2b163b6644c354a9d4017087706b5e) Importer(815301076,1909f56bfc062723c751e8b465ee728b)  -> (artifact id: '7cb2ed539f18f508a659385e070326cf') in 0.002878 seconds 
  Import took 0.012655 seconds .

========================================================================
Received Import Request.
  Time since last request: 14.055216 seconds.
  path: Assets/Plugins/Pixel Crushers/Dialogue System/Scripts/MVC/Controller/BarkController.cs
  artifactKey: Guid(e40157e07b0c2e847b67e140fcef352c) Importer(815301076,1909f56bfc062723c751e8b465ee728b)
Start importing Assets/Plugins/Pixel Crushers/Dialogue System/Scripts/MVC/Controller/BarkController.cs using Guid(e40157e07b0c2e847b67e140fcef352c) Importer(815301076,1909f56bfc062723c751e8b465ee728b)  -> (artifact id: 'e3e6726cb5d1b1dddbc7f84d8d8eb78f') in 0.007022 seconds 
  Import took 0.014739 seconds .

========================================================================
Received Import Request.
  Time since last request: 0.622046 seconds.
  path: Assets/Plugins/Pixel Crushers/Dialogue System/Wrappers/MVC/View/BarkDialogueUI.cs
  artifactKey: Guid(e6826db3b75174641a9b58531b63e97c) Importer(815301076,1909f56bfc062723c751e8b465ee728b)
Start importing Assets/Plugins/Pixel Crushers/Dialogue System/Wrappers/MVC/View/BarkDialogueUI.cs using Guid(e6826db3b75174641a9b58531b63e97c) Importer(815301076,1909f56bfc062723c751e8b465ee728b)  -> (artifact id: '1ecf3e3a3a032d5252bcf8f8d9d650cb') in 0.007721 seconds 
  Import took 0.014426 seconds .

========================================================================
Received Import Request.
  Time since last request: 136.955643 seconds.
  path: Assets/Plugins/Pixel Crushers/Dialogue System/Prefabs/Standard UI Prefabs/Templates/Basic/Basic Standard Bark UI.prefab
  artifactKey: Guid(21b4828b943afef4896267f31f98ee1a) Importer(815301076,1909f56bfc062723c751e8b465ee728b)
Start importing Assets/Plugins/Pixel Crushers/Dialogue System/Prefabs/Standard UI Prefabs/Templates/Basic/Basic Standard Bark UI.prefab using Guid(21b4828b943afef4896267f31f98ee1a) Importer(815301076,1909f56bfc062723c751e8b465ee728b)  -> (artifact id: 'c3d08b40764757ce1a88d7c1a2d8fe16') in 0.012126 seconds 
  Import took 0.019974 seconds .

========================================================================
Received Import Request.
  Time since last request: 0.000335 seconds.
  path: Assets/Plugins/Pixel Crushers/Dialogue System/Prefabs/Standard UI Prefabs/Templates/Basic/Basic Standard Bark UI.prefab
  artifactKey: Guid(21b4828b943afef4896267f31f98ee1a) Importer(815301076,1909f56bfc062723c751e8b465ee728b)
Start importing Assets/Plugins/Pixel Crushers/Dialogue System/Prefabs/Standard UI Prefabs/Templates/Basic/Basic Standard Bark UI.prefab using Guid(21b4828b943afef4896267f31f98ee1a) Importer(815301076,1909f56bfc062723c751e8b465ee728b)  -> (artifact id: 'c3d08b40764757ce1a88d7c1a2d8fe16') in 0.005703 seconds 
  Import took 0.012802 seconds .

========================================================================
Received Import Request.
  Time since last request: 8.010509 seconds.
  path: Assets/MeshBaker/Examples/MultipleMaterials/SourceMaterials/birchBark.png
  artifactKey: Guid(aeb01aa770dcf1f43b672799ab0215ae) Importer(815301076,1909f56bfc062723c751e8b465ee728b)
Start importing Assets/MeshBaker/Examples/MultipleMaterials/SourceMaterials/birchBark.png using Guid(aeb01aa770dcf1f43b672799ab0215ae) Importer(815301076,1909f56bfc062723c751e8b465ee728b)  -> (artifact id: 'e7d350aa891759ed3f41f117f3acde59') in 0.058285 seconds 
  Import took 0.066876 seconds .

========================================================================
Received Import Request.
  Time since last request: 0.000298 seconds.
  path: Assets/MeshBaker/Examples/MultipleMaterials/SourceMaterials/birchBark.png
  artifactKey: Guid(aeb01aa770dcf1f43b672799ab0215ae) Importer(815301076,1909f56bfc062723c751e8b465ee728b)
Start importing Assets/MeshBaker/Examples/MultipleMaterials/SourceMaterials/birchBark.png using Guid(aeb01aa770dcf1f43b672799ab0215ae) Importer(815301076,1909f56bfc062723c751e8b465ee728b)  -> (artifact id: 'e7d350aa891759ed3f41f117f3acde59') in 0.018918 seconds 
  Import took 0.025288 seconds .

========================================================================
Received Prepare
Registering precompiled user dll's ...
Registered in 0.004819 seconds.
Begin MonoManager ReloadAssembly
Native extension for WindowsStandalone target not found
Refreshing native plugins compatible for Editor in 0.85 ms, found 2 plugins.
Preloading 0 native plugins for Editor in 0.00 ms.
Mono: successfully reloaded assembly
- Completed reload, in  1.136 seconds
Domain Reload Profiling:
	ReloadAssembly (1138ms)
		BeginReloadAssembly (220ms)
			ExecutionOrderSort (0ms)
			DisableScriptedObjects (11ms)
			BackupInstance (0ms)
			ReleaseScriptingObjects (0ms)
			CreateAndSetChildDomain (125ms)
		EndReloadAssembly (858ms)
			LoadAssemblies (99ms)
			RebuildTransferFunctionScriptingTraits (0ms)
			SetupTypeCache (320ms)
			ReleaseScriptCaches (2ms)
			RebuildScriptCaches (47ms)
			SetupLoadedEditorAssemblies (283ms)
				LogAssemblyErrors (0ms)
				InitializePlatformSupportModulesInManaged (4ms)
				SetLoadedEditorAssemblies (0ms)
				RefreshPlugins (1ms)
				BeforeProcessingInitializeOnLoad (77ms)
				ProcessInitializeOnLoadAttributes (191ms)
				ProcessInitializeOnLoadMethodAttributes (4ms)
				AfterProcessingInitializeOnLoad (5ms)
				EditorAssembliesLoaded (0ms)
			ExecutionOrderSort2 (0ms)
			AwakeInstancesAfterBackupRestoration (9ms)
Platform modules already initialized, skipping
Refreshing native plugins compatible for Editor in 0.83 ms, found 2 plugins.
Preloading 0 native plugins for Editor in 0.00 ms.
Unloading 3991 Unused Serialized files (Serialized files now loaded: 0)
System memory in use before: 162.9 MB.
System memory in use after: 163.1 MB.

Unloading 19 unused Assets to reduce memory usage. Loaded Objects now: 4561.
Total: 3.558700 ms (FindLiveObjects: 0.435500 ms CreateObjectMapping: 0.121800 ms MarkObjects: 2.962100 ms  DeleteObjects: 0.037500 ms)

AssetImportParameters requested are different than current active one (requested -> active):
  custom:framework-win-MediaFoundation: 216162199b28c13a410421893ffa2e32 -> 
  custom:video-decoder-ogg-theora: a1e56fd34408186e4bbccfd4996cb3dc -> 
  custom:container-muxer-webm: aa71ff27fc2769a1b78a27578f13a17b -> 
  custom:container-demuxer-webm: 4f35f7cbe854078d1ac9338744f61a02 -> 
  custom:container-demuxer-ogg: 62fdf1f143b41e24485cea50d1cbac27 -> 
  custom:video-encoder-webm-vp8: eb34c28f22e8b96e1ab97ce403110664 -> 
  custom:video-decoder-webm-vp8: 9c59270c3fd7afecdb556c50c9e8de78 -> 
  custom:audio-decoder-ogg-vorbis: bf7c407c2cedff20999df2af8eb42d56 -> 
  custom:audio-encoder-webm-vorbis: bf7c407c2cedff20999df2af8eb42d56 -> 
========================================================================
Received Prepare
Registering precompiled user dll's ...
Registered in 0.003814 seconds.
Begin MonoManager ReloadAssembly
Native extension for WindowsStandalone target not found
Refreshing native plugins compatible for Editor in 0.94 ms, found 2 plugins.
Preloading 0 native plugins for Editor in 0.00 ms.
Mono: successfully reloaded assembly
- Completed reload, in  1.065 seconds
Domain Reload Profiling:
	ReloadAssembly (1065ms)
		BeginReloadAssembly (122ms)
			ExecutionOrderSort (0ms)
			DisableScriptedObjects (4ms)
			BackupInstance (0ms)
			ReleaseScriptingObjects (0ms)
			CreateAndSetChildDomain (41ms)
		EndReloadAssembly (882ms)
			LoadAssemblies (91ms)
			RebuildTransferFunctionScriptingTraits (0ms)
			SetupTypeCache (320ms)
			ReleaseScriptCaches (2ms)
			RebuildScriptCaches (49ms)
			SetupLoadedEditorAssemblies (314ms)
				LogAssemblyErrors (0ms)
				InitializePlatformSupportModulesInManaged (4ms)
				SetLoadedEditorAssemblies (0ms)
				RefreshPlugins (1ms)
				BeforeProcessingInitializeOnLoad (89ms)
				ProcessInitializeOnLoadAttributes (210ms)
				ProcessInitializeOnLoadMethodAttributes (4ms)
				AfterProcessingInitializeOnLoad (6ms)
				EditorAssembliesLoaded (0ms)
			ExecutionOrderSort2 (0ms)
			AwakeInstancesAfterBackupRestoration (10ms)
Platform modules already initialized, skipping
Refreshing native plugins compatible for Editor in 0.92 ms, found 2 plugins.
Preloading 0 native plugins for Editor in 0.00 ms.
Unloading 3991 Unused Serialized files (Serialized files now loaded: 0)
System memory in use before: 162.9 MB.
System memory in use after: 163.1 MB.

Unloading 14 unused Assets to reduce memory usage. Loaded Objects now: 4563.
Total: 3.743000 ms (FindLiveObjects: 0.597100 ms CreateObjectMapping: 0.107700 ms MarkObjects: 3.019900 ms  DeleteObjects: 0.017100 ms)

AssetImportParameters requested are different than current active one (requested -> active):
  custom:framework-win-MediaFoundation: 216162199b28c13a410421893ffa2e32 -> 
  custom:video-decoder-ogg-theora: a1e56fd34408186e4bbccfd4996cb3dc -> 
  custom:container-muxer-webm: aa71ff27fc2769a1b78a27578f13a17b -> 
  custom:container-demuxer-webm: 4f35f7cbe854078d1ac9338744f61a02 -> 
  custom:container-demuxer-ogg: 62fdf1f143b41e24485cea50d1cbac27 -> 
  custom:video-encoder-webm-vp8: eb34c28f22e8b96e1ab97ce403110664 -> 
  custom:video-decoder-webm-vp8: 9c59270c3fd7afecdb556c50c9e8de78 -> 
  custom:audio-decoder-ogg-vorbis: bf7c407c2cedff20999df2af8eb42d56 -> 
  custom:audio-encoder-webm-vorbis: bf7c407c2cedff20999df2af8eb42d56 -> 
========================================================================
Received Import Request.
  Time since last request: 367.369137 seconds.
  path: Assets/Dialogue
  artifactKey: Guid(335f470f563127449b10093f34f54597) Importer(815301076,1909f56bfc062723c751e8b465ee728b)
Start importing Assets/Dialogue using Guid(335f470f563127449b10093f34f54597) Importer(815301076,1909f56bfc062723c751e8b465ee728b)  -> (artifact id: 'c0cf3b580390447ea00d1759a3ff2815') in 0.014103 seconds 
  Import took 0.022385 seconds .

========================================================================
Received Import Request.
  Time since last request: 1.156714 seconds.
  path: Assets/Dialogue/Demo Dave.asset
  artifactKey: Guid(716404af05c8b0746a808cf0fa0826e1) Importer(815301076,1909f56bfc062723c751e8b465ee728b)
Start importing Assets/Dialogue/Demo Dave.asset using Guid(716404af05c8b0746a808cf0fa0826e1) Importer(815301076,1909f56bfc062723c751e8b465ee728b)  -> (artifact id: '57072a48c3cc13aed14061950c4c7301') in 0.048015 seconds 
  Import took 0.054891 seconds .

========================================================================
Received Prepare
Registering precompiled user dll's ...
Registered in 0.003152 seconds.
Begin MonoManager ReloadAssembly
Native extension for WindowsStandalone target not found
Refreshing native plugins compatible for Editor in 1.11 ms, found 2 plugins.
Preloading 0 native plugins for Editor in 0.00 ms.
Mono: successfully reloaded assembly
- Completed reload, in  0.926 seconds
Domain Reload Profiling:
	ReloadAssembly (927ms)
		BeginReloadAssembly (99ms)
			ExecutionOrderSort (0ms)
			DisableScriptedObjects (4ms)
			BackupInstance (0ms)
			ReleaseScriptingObjects (0ms)
			CreateAndSetChildDomain (36ms)
		EndReloadAssembly (769ms)
			LoadAssemblies (79ms)
			RebuildTransferFunctionScriptingTraits (0ms)
			SetupTypeCache (275ms)
			ReleaseScriptCaches (2ms)
			RebuildScriptCaches (43ms)
			SetupLoadedEditorAssemblies (270ms)
				LogAssemblyErrors (0ms)
				InitializePlatformSupportModulesInManaged (4ms)
				SetLoadedEditorAssemblies (0ms)
				RefreshPlugins (1ms)
				BeforeProcessingInitializeOnLoad (74ms)
				ProcessInitializeOnLoadAttributes (182ms)
				ProcessInitializeOnLoadMethodAttributes (3ms)
				AfterProcessingInitializeOnLoad (5ms)
				EditorAssembliesLoaded (0ms)
			ExecutionOrderSort2 (0ms)
			AwakeInstancesAfterBackupRestoration (8ms)
Platform modules already initialized, skipping
Refreshing native plugins compatible for Editor in 0.82 ms, found 2 plugins.
Preloading 0 native plugins for Editor in 0.00 ms.
Unloading 3991 Unused Serialized files (Serialized files now loaded: 0)
System memory in use before: 162.9 MB.
System memory in use after: 163.2 MB.

Unloading 14 unused Assets to reduce memory usage. Loaded Objects now: 4565.
Total: 4.253200 ms (FindLiveObjects: 0.500900 ms CreateObjectMapping: 0.142700 ms MarkObjects: 3.586800 ms  DeleteObjects: 0.021200 ms)

AssetImportParameters requested are different than current active one (requested -> active):
  custom:framework-win-MediaFoundation: 216162199b28c13a410421893ffa2e32 -> 
  custom:video-decoder-ogg-theora: a1e56fd34408186e4bbccfd4996cb3dc -> 
  custom:container-muxer-webm: aa71ff27fc2769a1b78a27578f13a17b -> 
  custom:container-demuxer-webm: 4f35f7cbe854078d1ac9338744f61a02 -> 
  custom:container-demuxer-ogg: 62fdf1f143b41e24485cea50d1cbac27 -> 
  custom:video-encoder-webm-vp8: eb34c28f22e8b96e1ab97ce403110664 -> 
  custom:video-decoder-webm-vp8: 9c59270c3fd7afecdb556c50c9e8de78 -> 
  custom:audio-decoder-ogg-vorbis: bf7c407c2cedff20999df2af8eb42d56 -> 
  custom:audio-encoder-webm-vorbis: bf7c407c2cedff20999df2af8eb42d56 -> 
========================================================================
Received Import Request.
  Time since last request: 73.659409 seconds.
  path: Assets/Dialogue/Demo Dave.asset
  artifactKey: Guid(716404af05c8b0746a808cf0fa0826e1) Importer(815301076,1909f56bfc062723c751e8b465ee728b)
Start importing Assets/Dialogue/Demo Dave.asset using Guid(716404af05c8b0746a808cf0fa0826e1) Importer(815301076,1909f56bfc062723c751e8b465ee728b)  -> (artifact id: '0b4368741d0eaac334223422dcf21651') in 0.032010 seconds 
  Import took 0.039336 seconds .

========================================================================
Received Prepare
Registering precompiled user dll's ...
Registered in 0.003070 seconds.
Begin MonoManager ReloadAssembly
Native extension for WindowsStandalone target not found
Refreshing native plugins compatible for Editor in 1.48 ms, found 2 plugins.
Preloading 0 native plugins for Editor in 0.00 ms.
Mono: successfully reloaded assembly
- Completed reload, in  1.086 seconds
Domain Reload Profiling:
	ReloadAssembly (1086ms)
		BeginReloadAssembly (122ms)
			ExecutionOrderSort (0ms)
			DisableScriptedObjects (5ms)
			BackupInstance (0ms)
			ReleaseScriptingObjects (0ms)
			CreateAndSetChildDomain (42ms)
		EndReloadAssembly (902ms)
			LoadAssemblies (89ms)
			RebuildTransferFunctionScriptingTraits (0ms)
			SetupTypeCache (335ms)
			ReleaseScriptCaches (2ms)
			RebuildScriptCaches (49ms)
			SetupLoadedEditorAssemblies (318ms)
				LogAssemblyErrors (0ms)
				InitializePlatformSupportModulesInManaged (4ms)
				SetLoadedEditorAssemblies (1ms)
				RefreshPlugins (2ms)
				BeforeProcessingInitializeOnLoad (89ms)
				ProcessInitializeOnLoadAttributes (212ms)
				ProcessInitializeOnLoadMethodAttributes (4ms)
				AfterProcessingInitializeOnLoad (6ms)
				EditorAssembliesLoaded (0ms)
			ExecutionOrderSort2 (0ms)
			AwakeInstancesAfterBackupRestoration (10ms)
Platform modules already initialized, skipping
Refreshing native plugins compatible for Editor in 1.06 ms, found 2 plugins.
Preloading 0 native plugins for Editor in 0.00 ms.
Unloading 3991 Unused Serialized files (Serialized files now loaded: 0)
System memory in use before: 163.0 MB.
System memory in use after: 163.2 MB.

Unloading 14 unused Assets to reduce memory usage. Loaded Objects now: 4567.
Total: 3.824400 ms (FindLiveObjects: 0.518300 ms CreateObjectMapping: 0.113900 ms MarkObjects: 3.171800 ms  DeleteObjects: 0.019000 ms)

AssetImportParameters requested are different than current active one (requested -> active):
  custom:framework-win-MediaFoundation: 216162199b28c13a410421893ffa2e32 -> 
  custom:video-decoder-ogg-theora: a1e56fd34408186e4bbccfd4996cb3dc -> 
  custom:container-muxer-webm: aa71ff27fc2769a1b78a27578f13a17b -> 
  custom:container-demuxer-webm: 4f35f7cbe854078d1ac9338744f61a02 -> 
  custom:container-demuxer-ogg: 62fdf1f143b41e24485cea50d1cbac27 -> 
  custom:video-encoder-webm-vp8: eb34c28f22e8b96e1ab97ce403110664 -> 
  custom:video-decoder-webm-vp8: 9c59270c3fd7afecdb556c50c9e8de78 -> 
  custom:audio-decoder-ogg-vorbis: bf7c407c2cedff20999df2af8eb42d56 -> 
  custom:audio-encoder-webm-vorbis: bf7c407c2cedff20999df2af8eb42d56 -> 
========================================================================
Received Prepare
Registering precompiled user dll's ...
Registered in 0.003101 seconds.
Begin MonoManager ReloadAssembly
Native extension for WindowsStandalone target not found
Refreshing native plugins compatible for Editor in 1.19 ms, found 2 plugins.
Preloading 0 native plugins for Editor in 0.00 ms.
Mono: successfully reloaded assembly
- Completed reload, in  1.143 seconds
Domain Reload Profiling:
	ReloadAssembly (1144ms)
		BeginReloadAssembly (116ms)
			ExecutionOrderSort (0ms)
			DisableScriptedObjects (4ms)
			BackupInstance (0ms)
			ReleaseScriptingObjects (0ms)
			CreateAndSetChildDomain (42ms)
		EndReloadAssembly (960ms)
			LoadAssemblies (99ms)
			RebuildTransferFunctionScriptingTraits (0ms)
			SetupTypeCache (347ms)
			ReleaseScriptCaches (2ms)
			RebuildScriptCaches (53ms)
			SetupLoadedEditorAssemblies (340ms)
				LogAssemblyErrors (0ms)
				InitializePlatformSupportModulesInManaged (5ms)
				SetLoadedEditorAssemblies (0ms)
				RefreshPlugins (1ms)
				BeforeProcessingInitializeOnLoad (93ms)
				ProcessInitializeOnLoadAttributes (229ms)
				ProcessInitializeOnLoadMethodAttributes (5ms)
				AfterProcessingInitializeOnLoad (7ms)
				EditorAssembliesLoaded (1ms)
			ExecutionOrderSort2 (0ms)
			AwakeInstancesAfterBackupRestoration (12ms)
Platform modules already initialized, skipping
Refreshing native plugins compatible for Editor in 1.26 ms, found 2 plugins.
Preloading 0 native plugins for Editor in 0.00 ms.
Unloading 3991 Unused Serialized files (Serialized files now loaded: 0)
System memory in use before: 163.0 MB.
System memory in use after: 163.2 MB.

Unloading 14 unused Assets to reduce memory usage. Loaded Objects now: 4569.
Total: 4.011700 ms (FindLiveObjects: 0.773100 ms CreateObjectMapping: 0.136800 ms MarkObjects: 3.084100 ms  DeleteObjects: 0.016500 ms)

AssetImportParameters requested are different than current active one (requested -> active):
  custom:framework-win-MediaFoundation: 216162199b28c13a410421893ffa2e32 -> 
  custom:video-decoder-ogg-theora: a1e56fd34408186e4bbccfd4996cb3dc -> 
  custom:container-muxer-webm: aa71ff27fc2769a1b78a27578f13a17b -> 
  custom:container-demuxer-webm: 4f35f7cbe854078d1ac9338744f61a02 -> 
  custom:container-demuxer-ogg: 62fdf1f143b41e24485cea50d1cbac27 -> 
  custom:video-encoder-webm-vp8: eb34c28f22e8b96e1ab97ce403110664 -> 
  custom:video-decoder-webm-vp8: 9c59270c3fd7afecdb556c50c9e8de78 -> 
  custom:audio-decoder-ogg-vorbis: bf7c407c2cedff20999df2af8eb42d56 -> 
  custom:audio-encoder-webm-vorbis: bf7c407c2cedff20999df2af8eb42d56 -> 
========================================================================
Received Prepare
Registering precompiled user dll's ...
Registered in 0.005158 seconds.
Begin MonoManager ReloadAssembly
Native extension for WindowsStandalone target not found
Refreshing native plugins compatible for Editor in 1.20 ms, found 2 plugins.
Preloading 0 native plugins for Editor in 0.00 ms.
Mono: successfully reloaded assembly
- Completed reload, in  1.043 seconds
Domain Reload Profiling:
	ReloadAssembly (1044ms)
		BeginReloadAssembly (126ms)
			ExecutionOrderSort (0ms)
			DisableScriptedObjects (6ms)
			BackupInstance (0ms)
			ReleaseScriptingObjects (0ms)
			CreateAndSetChildDomain (42ms)
		EndReloadAssembly (853ms)
			LoadAssemblies (96ms)
			RebuildTransferFunctionScriptingTraits (0ms)
			SetupTypeCache (309ms)
			ReleaseScriptCaches (2ms)
			RebuildScriptCaches (47ms)
			SetupLoadedEditorAssemblies (310ms)
				LogAssemblyErrors (0ms)
				InitializePlatformSupportModulesInManaged (3ms)
				SetLoadedEditorAssemblies (0ms)
				RefreshPlugins (1ms)
				BeforeProcessingInitializeOnLoad (80ms)
				ProcessInitializeOnLoadAttributes (216ms)
				ProcessInitializeOnLoadMethodAttributes (3ms)
				AfterProcessingInitializeOnLoad (5ms)
				EditorAssembliesLoaded (0ms)
			ExecutionOrderSort2 (0ms)
			AwakeInstancesAfterBackupRestoration (8ms)
Platform modules already initialized, skipping
Refreshing native plugins compatible for Editor in 0.83 ms, found 2 plugins.
Preloading 0 native plugins for Editor in 0.00 ms.
Unloading 3991 Unused Serialized files (Serialized files now loaded: 0)
System memory in use before: 163.0 MB.
System memory in use after: 163.2 MB.

Unloading 14 unused Assets to reduce memory usage. Loaded Objects now: 4571.
Total: 3.586900 ms (FindLiveObjects: 0.477200 ms CreateObjectMapping: 0.105800 ms MarkObjects: 2.983100 ms  DeleteObjects: 0.019700 ms)

AssetImportParameters requested are different than current active one (requested -> active):
  custom:framework-win-MediaFoundation: 216162199b28c13a410421893ffa2e32 -> 
  custom:video-decoder-ogg-theora: a1e56fd34408186e4bbccfd4996cb3dc -> 
  custom:container-muxer-webm: aa71ff27fc2769a1b78a27578f13a17b -> 
  custom:container-demuxer-webm: 4f35f7cbe854078d1ac9338744f61a02 -> 
  custom:container-demuxer-ogg: 62fdf1f143b41e24485cea50d1cbac27 -> 
  custom:video-encoder-webm-vp8: eb34c28f22e8b96e1ab97ce403110664 -> 
  custom:video-decoder-webm-vp8: 9c59270c3fd7afecdb556c50c9e8de78 -> 
  custom:audio-decoder-ogg-vorbis: bf7c407c2cedff20999df2af8eb42d56 -> 
  custom:audio-encoder-webm-vorbis: bf7c407c2cedff20999df2af8eb42d56 -> 
========================================================================
Received Prepare
Registering precompiled user dll's ...
Registered in 0.003924 seconds.
Begin MonoManager ReloadAssembly
Native extension for WindowsStandalone target not found
Refreshing native plugins compatible for Editor in 1.37 ms, found 2 plugins.
Preloading 0 native plugins for Editor in 0.00 ms.
Mono: successfully reloaded assembly
- Completed reload, in  1.165 seconds
Domain Reload Profiling:
	ReloadAssembly (1165ms)
		BeginReloadAssembly (131ms)
			ExecutionOrderSort (0ms)
			DisableScriptedObjects (4ms)
			BackupInstance (0ms)
			ReleaseScriptingObjects (0ms)
			CreateAndSetChildDomain (46ms)
		EndReloadAssembly (967ms)
			LoadAssemblies (107ms)
			RebuildTransferFunctionScriptingTraits (0ms)
			SetupTypeCache (350ms)
			ReleaseScriptCaches (2ms)
			RebuildScriptCaches (55ms)
			SetupLoadedEditorAssemblies (339ms)
				LogAssemblyErrors (0ms)
				InitializePlatformSupportModulesInManaged (5ms)
				SetLoadedEditorAssemblies (1ms)
				RefreshPlugins (1ms)
				BeforeProcessingInitializeOnLoad (96ms)
				ProcessInitializeOnLoadAttributes (225ms)
				ProcessInitializeOnLoadMethodAttributes (5ms)
				AfterProcessingInitializeOnLoad (6ms)
				EditorAssembliesLoaded (0ms)
			ExecutionOrderSort2 (0ms)
			AwakeInstancesAfterBackupRestoration (10ms)
Platform modules already initialized, skipping
Refreshing native plugins compatible for Editor in 1.19 ms, found 2 plugins.
Preloading 0 native plugins for Editor in 0.00 ms.
Unloading 3991 Unused Serialized files (Serialized files now loaded: 0)
System memory in use before: 163.0 MB.
System memory in use after: 163.2 MB.

Unloading 14 unused Assets to reduce memory usage. Loaded Objects now: 4573.
Total: 4.609800 ms (FindLiveObjects: 0.532600 ms CreateObjectMapping: 0.113900 ms MarkObjects: 3.940600 ms  DeleteObjects: 0.021400 ms)

AssetImportParameters requested are different than current active one (requested -> active):
  custom:framework-win-MediaFoundation: 216162199b28c13a410421893ffa2e32 -> 
  custom:video-decoder-ogg-theora: a1e56fd34408186e4bbccfd4996cb3dc -> 
  custom:container-muxer-webm: aa71ff27fc2769a1b78a27578f13a17b -> 
  custom:container-demuxer-webm: 4f35f7cbe854078d1ac9338744f61a02 -> 
  custom:container-demuxer-ogg: 62fdf1f143b41e24485cea50d1cbac27 -> 
  custom:video-encoder-webm-vp8: eb34c28f22e8b96e1ab97ce403110664 -> 
  custom:video-decoder-webm-vp8: 9c59270c3fd7afecdb556c50c9e8de78 -> 
  custom:audio-decoder-ogg-vorbis: bf7c407c2cedff20999df2af8eb42d56 -> 
  custom:audio-encoder-webm-vorbis: bf7c407c2cedff20999df2af8eb42d56 -> 
========================================================================
Received Prepare
Registering precompiled user dll's ...
Registered in 0.004080 seconds.
Begin MonoManager ReloadAssembly
Native extension for WindowsStandalone target not found
Refreshing native plugins compatible for Editor in 0.96 ms, found 2 plugins.
Preloading 0 native plugins for Editor in 0.00 ms.
Mono: successfully reloaded assembly
- Completed reload, in  1.153 seconds
Domain Reload Profiling:
	ReloadAssembly (1154ms)
		BeginReloadAssembly (135ms)
			ExecutionOrderSort (0ms)
			DisableScriptedObjects (4ms)
			BackupInstance (0ms)
			ReleaseScriptingObjects (0ms)
			CreateAndSetChildDomain (54ms)
		EndReloadAssembly (950ms)
			LoadAssemblies (104ms)
			RebuildTransferFunctionScriptingTraits (0ms)
			SetupTypeCache (348ms)
			ReleaseScriptCaches (2ms)
			RebuildScriptCaches (51ms)
			SetupLoadedEditorAssemblies (339ms)
				LogAssemblyErrors (0ms)
				InitializePlatformSupportModulesInManaged (5ms)
				SetLoadedEditorAssemblies (0ms)
				RefreshPlugins (1ms)
				BeforeProcessingInitializeOnLoad (93ms)
				ProcessInitializeOnLoadAttributes (229ms)
				ProcessInitializeOnLoadMethodAttributes (4ms)
				AfterProcessingInitializeOnLoad (6ms)
				EditorAssembliesLoaded (0ms)
			ExecutionOrderSort2 (0ms)
			AwakeInstancesAfterBackupRestoration (10ms)
Platform modules already initialized, skipping
Refreshing native plugins compatible for Editor in 1.05 ms, found 2 plugins.
Preloading 0 native plugins for Editor in 0.00 ms.
Unloading 3991 Unused Serialized files (Serialized files now loaded: 0)
System memory in use before: 163.0 MB.
System memory in use after: 163.2 MB.

Unloading 14 unused Assets to reduce memory usage. Loaded Objects now: 4575.
Total: 5.637700 ms (FindLiveObjects: 0.547500 ms CreateObjectMapping: 0.115700 ms MarkObjects: 4.925200 ms  DeleteObjects: 0.048500 ms)

AssetImportParameters requested are different than current active one (requested -> active):
  custom:framework-win-MediaFoundation: 216162199b28c13a410421893ffa2e32 -> 
  custom:video-decoder-ogg-theora: a1e56fd34408186e4bbccfd4996cb3dc -> 
  custom:container-muxer-webm: aa71ff27fc2769a1b78a27578f13a17b -> 
  custom:container-demuxer-webm: 4f35f7cbe854078d1ac9338744f61a02 -> 
  custom:container-demuxer-ogg: 62fdf1f143b41e24485cea50d1cbac27 -> 
  custom:video-encoder-webm-vp8: eb34c28f22e8b96e1ab97ce403110664 -> 
  custom:video-decoder-webm-vp8: 9c59270c3fd7afecdb556c50c9e8de78 -> 
  custom:audio-decoder-ogg-vorbis: bf7c407c2cedff20999df2af8eb42d56 -> 
  custom:audio-encoder-webm-vorbis: bf7c407c2cedff20999df2af8eb42d56 -> 
AssetImportWorkerClient::OnTransportError - code=2 error=End of file
