Using pre-set license
Built from '2020.3/staging' branch; Version is '2020.3.18f1 (a7d1c678663c) revision 10998214'; Using compiler version '192528614'; Build Type 'Release'
OS: 'Windows 10 Home; OS build 19042.1348; Version 2009; 64bit' Language: 'en' Physical Memory: 24495 MB
BatchMode: 1, IsHumanControllingUs: 0, StartBugReporterOnCrash: 0, Is64bit: 1, IsPro: 0

COMMAND LINE ARGUMENTS:
C:\Program Files\2020.3.18f1\Editor\Unity.exe
-adb2
-batchMode
-noUpm
-name
AssetImportWorker1
-projectPath
C:/Users/Zach/Documents/GitHub/Winter-VN-Jam-2021
-logFile
Logs/AssetImportWorker1.log
-srvPort
61441
Successfully changed project path to: C:/Users/Zach/Documents/GitHub/Winter-VN-Jam-2021
C:/Users/Zach/Documents/GitHub/Winter-VN-Jam-2021
Using Asset Import Pipeline V2.
Refreshing native plugins compatible for Editor in 130.99 ms, found 2 plugins.
Preloading 0 native plugins for Editor in 0.00 ms.
Initialize engine version: 2020.3.18f1 (a7d1c678663c)
[Subsystems] Discovering subsystems at path C:/Program Files/2020.3.18f1/Editor/Data/Resources/UnitySubsystems
[Subsystems] Discovering subsystems at path C:/Users/Zach/Documents/GitHub/Winter-VN-Jam-2021/Assets
GfxDevice: creating device client; threaded=0
Direct3D:
    Version:  Direct3D 11.0 [level 11.1]
    Renderer: NVIDIA GeForce GTX 1650 (ID=0x1f91)
    Vendor:   
    VRAM:     3962 MB
    Driver:   30.0.14.7212
Initialize mono
Mono path[0] = 'C:/Program Files/2020.3.18f1/Editor/Data/Managed'
Mono path[1] = 'C:/Program Files/2020.3.18f1/Editor/Data/MonoBleedingEdge/lib/mono/unityjit'
Mono config path = 'C:/Program Files/2020.3.18f1/Editor/Data/MonoBleedingEdge/etc'
Using monoOptions --debugger-agent=transport=dt_socket,embedding=1,server=y,suspend=n,address=127.0.0.1:56488
Begin MonoManager ReloadAssembly
Registering precompiled unity dll's ...
Register platform support module: C:/Program Files/2020.3.18f1/Editor/Data/PlaybackEngines/WindowsStandaloneSupport/UnityEditor.WindowsStandalone.Extensions.dll
Registered in 0.002616 seconds.
Native extension for WindowsStandalone target not found
Refreshing native plugins compatible for Editor in 131.23 ms, found 2 plugins.
Preloading 0 native plugins for Editor in 0.00 ms.
Mono: successfully reloaded assembly
- Completed reload, in  1.697 seconds
Domain Reload Profiling:
	ReloadAssembly (1697ms)
		BeginReloadAssembly (85ms)
			ExecutionOrderSort (0ms)
			DisableScriptedObjects (0ms)
			BackupInstance (0ms)
			ReleaseScriptingObjects (0ms)
			CreateAndSetChildDomain (1ms)
		EndReloadAssembly (710ms)
			LoadAssemblies (82ms)
			RebuildTransferFunctionScriptingTraits (0ms)
			SetupTypeCache (233ms)
			ReleaseScriptCaches (0ms)
			RebuildScriptCaches (49ms)
			SetupLoadedEditorAssemblies (322ms)
				LogAssemblyErrors (0ms)
				InitializePlatformSupportModulesInManaged (6ms)
				SetLoadedEditorAssemblies (0ms)
				RefreshPlugins (131ms)
				BeforeProcessingInitializeOnLoad (25ms)
				ProcessInitializeOnLoadAttributes (117ms)
				ProcessInitializeOnLoadMethodAttributes (43ms)
				AfterProcessingInitializeOnLoad (0ms)
				EditorAssembliesLoaded (0ms)
			ExecutionOrderSort2 (0ms)
			AwakeInstancesAfterBackupRestoration (0ms)
Platform modules already initialized, skipping
Registering precompiled user dll's ...
Registered in 0.005472 seconds.
Begin MonoManager ReloadAssembly
Native extension for WindowsStandalone target not found
Refreshing native plugins compatible for Editor in 132.31 ms, found 2 plugins.
Preloading 0 native plugins for Editor in 0.00 ms.
Mono: successfully reloaded assembly
- Completed reload, in  2.163 seconds
Domain Reload Profiling:
	ReloadAssembly (2164ms)
		BeginReloadAssembly (213ms)
			ExecutionOrderSort (0ms)
			DisableScriptedObjects (7ms)
			BackupInstance (0ms)
			ReleaseScriptingObjects (0ms)
			CreateAndSetChildDomain (26ms)
		EndReloadAssembly (1858ms)
			LoadAssemblies (140ms)
			RebuildTransferFunctionScriptingTraits (0ms)
			SetupTypeCache (518ms)
			ReleaseScriptCaches (1ms)
			RebuildScriptCaches (114ms)
			SetupLoadedEditorAssemblies (897ms)
				LogAssemblyErrors (0ms)
				InitializePlatformSupportModulesInManaged (5ms)
				SetLoadedEditorAssemblies (0ms)
				RefreshPlugins (132ms)
				BeforeProcessingInitializeOnLoad (146ms)
				ProcessInitializeOnLoadAttributes (595ms)
				ProcessInitializeOnLoadMethodAttributes (10ms)
				AfterProcessingInitializeOnLoad (8ms)
				EditorAssembliesLoaded (1ms)
			ExecutionOrderSort2 (0ms)
			AwakeInstancesAfterBackupRestoration (11ms)
Platform modules already initialized, skipping
========================================================================
Worker process is ready to serve import requests
Launched and connected shader compiler UnityShaderCompiler.exe after 0.16 seconds
Refreshing native plugins compatible for Editor in 1.04 ms, found 2 plugins.
Preloading 0 native plugins for Editor in 0.00 ms.
Unloading 4110 Unused Serialized files (Serialized files now loaded: 0)
System memory in use before: 167.4 MB.
System memory in use after: 167.6 MB.

Unloading 19 unused Assets to reduce memory usage. Loaded Objects now: 4546.
Total: 5.006500 ms (FindLiveObjects: 0.461500 ms CreateObjectMapping: 0.304500 ms MarkObjects: 4.060400 ms  DeleteObjects: 0.178600 ms)

AssetImportParameters requested are different than current active one (requested -> active):
  custom:framework-win-MediaFoundation: 216162199b28c13a410421893ffa2e32 -> 
  custom:video-decoder-ogg-theora: a1e56fd34408186e4bbccfd4996cb3dc -> 
  custom:container-muxer-webm: aa71ff27fc2769a1b78a27578f13a17b -> 
  custom:container-demuxer-webm: 4f35f7cbe854078d1ac9338744f61a02 -> 
  custom:container-demuxer-ogg: 62fdf1f143b41e24485cea50d1cbac27 -> 
  custom:video-encoder-webm-vp8: eb34c28f22e8b96e1ab97ce403110664 -> 
  custom:video-codec-MediaFoundation-h265: 746d11721c4dcdbdad8f713fa42b33f4 -> 
  custom:video-decoder-webm-vp8: 9c59270c3fd7afecdb556c50c9e8de78 -> 
  custom:audio-decoder-ogg-vorbis: bf7c407c2cedff20999df2af8eb42d56 -> 
  custom:audio-encoder-webm-vorbis: bf7c407c2cedff20999df2af8eb42d56 -> 
========================================================================
Received Import Request.
  path: Assets/ConversantNPC.cs
  artifactKey: Guid(9f5f44c4e1112fa41b187a58603306ef) Importer(815301076,1909f56bfc062723c751e8b465ee728b)
Start importing Assets/ConversantNPC.cs using Guid(9f5f44c4e1112fa41b187a58603306ef) Importer(815301076,1909f56bfc062723c751e8b465ee728b)  -> (artifact id: 'f51919b3650537394e85a601b9b0b496') in 0.061585 seconds 
  Import took 0.071683 seconds .

========================================================================
Received Prepare
Registering precompiled user dll's ...
Registered in 0.005020 seconds.
Begin MonoManager ReloadAssembly
Native extension for WindowsStandalone target not found
Refreshing native plugins compatible for Editor in 0.87 ms, found 2 plugins.
Preloading 0 native plugins for Editor in 0.00 ms.
Mono: successfully reloaded assembly
- Completed reload, in  1.620 seconds
Domain Reload Profiling:
	ReloadAssembly (1620ms)
		BeginReloadAssembly (171ms)
			ExecutionOrderSort (0ms)
			DisableScriptedObjects (6ms)
			BackupInstance (0ms)
			ReleaseScriptingObjects (0ms)
			CreateAndSetChildDomain (53ms)
		EndReloadAssembly (1352ms)
			LoadAssemblies (139ms)
			RebuildTransferFunctionScriptingTraits (0ms)
			SetupTypeCache (492ms)
			ReleaseScriptCaches (2ms)
			RebuildScriptCaches (80ms)
			SetupLoadedEditorAssemblies (485ms)
				LogAssemblyErrors (0ms)
				InitializePlatformSupportModulesInManaged (7ms)
				SetLoadedEditorAssemblies (1ms)
				RefreshPlugins (1ms)
				BeforeProcessingInitializeOnLoad (133ms)
				ProcessInitializeOnLoadAttributes (329ms)
				ProcessInitializeOnLoadMethodAttributes (6ms)
				AfterProcessingInitializeOnLoad (8ms)
				EditorAssembliesLoaded (0ms)
			ExecutionOrderSort2 (0ms)
			AwakeInstancesAfterBackupRestoration (14ms)
Platform modules already initialized, skipping
Refreshing native plugins compatible for Editor in 1.64 ms, found 2 plugins.
Preloading 0 native plugins for Editor in 0.00 ms.
Unloading 3992 Unused Serialized files (Serialized files now loaded: 0)
System memory in use before: 159.5 MB.
System memory in use after: 159.7 MB.

Unloading 14 unused Assets to reduce memory usage. Loaded Objects now: 4548.
Total: 5.426500 ms (FindLiveObjects: 0.438200 ms CreateObjectMapping: 0.251800 ms MarkObjects: 4.702000 ms  DeleteObjects: 0.032900 ms)

AssetImportParameters requested are different than current active one (requested -> active):
  custom:framework-win-MediaFoundation: 216162199b28c13a410421893ffa2e32 -> 
  custom:video-decoder-ogg-theora: a1e56fd34408186e4bbccfd4996cb3dc -> 
  custom:container-muxer-webm: aa71ff27fc2769a1b78a27578f13a17b -> 
  custom:container-demuxer-webm: 4f35f7cbe854078d1ac9338744f61a02 -> 
  custom:container-demuxer-ogg: 62fdf1f143b41e24485cea50d1cbac27 -> 
  custom:video-encoder-webm-vp8: eb34c28f22e8b96e1ab97ce403110664 -> 
  custom:video-codec-MediaFoundation-h265: 746d11721c4dcdbdad8f713fa42b33f4 -> 
  custom:video-decoder-webm-vp8: 9c59270c3fd7afecdb556c50c9e8de78 -> 
  custom:audio-decoder-ogg-vorbis: bf7c407c2cedff20999df2af8eb42d56 -> 
  custom:audio-encoder-webm-vorbis: bf7c407c2cedff20999df2af8eb42d56 -> 
========================================================================
Received Import Request.
  Time since last request: 16.509908 seconds.
  path: Assets/ConversantNPC.cs
  artifactKey: Guid(9f5f44c4e1112fa41b187a58603306ef) Importer(815301076,1909f56bfc062723c751e8b465ee728b)
Start importing Assets/ConversantNPC.cs using Guid(9f5f44c4e1112fa41b187a58603306ef) Importer(815301076,1909f56bfc062723c751e8b465ee728b)  -> (artifact id: 'e0eab9070482e769538207735465e91c') in 0.007657 seconds 
  Import took 0.016134 seconds .

========================================================================
Received Import Request.
  Time since last request: 11324.475807 seconds.
  path: Assets/DebugVisToggle.cs
  artifactKey: Guid(2b1ba000382e7d14fabab77a5368134a) Importer(815301076,1909f56bfc062723c751e8b465ee728b)
Start importing Assets/DebugVisToggle.cs using Guid(2b1ba000382e7d14fabab77a5368134a) Importer(815301076,1909f56bfc062723c751e8b465ee728b)  -> (artifact id: '048e094b4925c303fdc30cb76eeb3816') in 0.012150 seconds 
  Import took 0.201268 seconds .

========================================================================
Received Import Request.
  Time since last request: 116.388670 seconds.
  path: Assets/Dialogue/Demo Dave (Auto-Backup).asset
  artifactKey: Guid(40b16bc731789fc4e8ace19ccd011067) Importer(815301076,1909f56bfc062723c751e8b465ee728b)
Start importing Assets/Dialogue/Demo Dave (Auto-Backup).asset using Guid(40b16bc731789fc4e8ace19ccd011067) Importer(815301076,1909f56bfc062723c751e8b465ee728b)  -> (artifact id: '7bc00ee2eac9572f17c0a1c37ef276ad') in 0.128942 seconds 
  Import took 0.135974 seconds .

========================================================================
Received Import Request.
  Time since last request: 0.000381 seconds.
  path: Assets/Dialogue/Demo Dave.asset
  artifactKey: Guid(716404af05c8b0746a808cf0fa0826e1) Importer(815301076,1909f56bfc062723c751e8b465ee728b)
Start importing Assets/Dialogue/Demo Dave.asset using Guid(716404af05c8b0746a808cf0fa0826e1) Importer(815301076,1909f56bfc062723c751e8b465ee728b)  -> (artifact id: '20d6c83ef60473ccb3d3af2b9775cfc5') in 0.021277 seconds 
  Import took 0.028576 seconds .

========================================================================
Received Import Request.
  Time since last request: 0.000389 seconds.
  path: Assets/Dialogue/Demo Dave (Auto-Backup).asset
  artifactKey: Guid(40b16bc731789fc4e8ace19ccd011067) Importer(815301076,1909f56bfc062723c751e8b465ee728b)
Start importing Assets/Dialogue/Demo Dave (Auto-Backup).asset using Guid(40b16bc731789fc4e8ace19ccd011067) Importer(815301076,1909f56bfc062723c751e8b465ee728b)  -> (artifact id: '7bc00ee2eac9572f17c0a1c37ef276ad') in 0.004487 seconds 
  Import took 0.010483 seconds .

========================================================================
Received Import Request.
  Time since last request: 0.000296 seconds.
  path: Assets/Dialogue/Demo Dave.asset
  artifactKey: Guid(716404af05c8b0746a808cf0fa0826e1) Importer(815301076,1909f56bfc062723c751e8b465ee728b)
Start importing Assets/Dialogue/Demo Dave.asset using Guid(716404af05c8b0746a808cf0fa0826e1) Importer(815301076,1909f56bfc062723c751e8b465ee728b)  -> (artifact id: '20d6c83ef60473ccb3d3af2b9775cfc5') in 0.005335 seconds 
  Import took 0.011582 seconds .

========================================================================
Received Import Request.
  Time since last request: 389.024346 seconds.
  path: Assets/Dialogue/Demo Dave.asset
  artifactKey: Guid(716404af05c8b0746a808cf0fa0826e1) Importer(815301076,1909f56bfc062723c751e8b465ee728b)
Start importing Assets/Dialogue/Demo Dave.asset using Guid(716404af05c8b0746a808cf0fa0826e1) Importer(815301076,1909f56bfc062723c751e8b465ee728b)  -> (artifact id: 'b3070038dbda68c8e81fc9553113eb69') in 0.004672 seconds 
  Import took 0.013828 seconds .

========================================================================
Received Prepare
Registering precompiled user dll's ...
Registered in 0.003335 seconds.
Begin MonoManager ReloadAssembly
Native extension for WindowsStandalone target not found
Refreshing native plugins compatible for Editor in 0.67 ms, found 2 plugins.
Preloading 0 native plugins for Editor in 0.00 ms.
Mono: successfully reloaded assembly
- Completed reload, in  1.256 seconds
Domain Reload Profiling:
	ReloadAssembly (1257ms)
		BeginReloadAssembly (164ms)
			ExecutionOrderSort (0ms)
			DisableScriptedObjects (8ms)
			BackupInstance (0ms)
			ReleaseScriptingObjects (0ms)
			CreateAndSetChildDomain (79ms)
		EndReloadAssembly (1033ms)
			LoadAssemblies (94ms)
			RebuildTransferFunctionScriptingTraits (0ms)
			SetupTypeCache (346ms)
			ReleaseScriptCaches (1ms)
			RebuildScriptCaches (48ms)
			SetupLoadedEditorAssemblies (411ms)
				LogAssemblyErrors (0ms)
				InitializePlatformSupportModulesInManaged (4ms)
				SetLoadedEditorAssemblies (1ms)
				RefreshPlugins (1ms)
				BeforeProcessingInitializeOnLoad (83ms)
				ProcessInitializeOnLoadAttributes (313ms)
				ProcessInitializeOnLoadMethodAttributes (4ms)
				AfterProcessingInitializeOnLoad (5ms)
				EditorAssembliesLoaded (0ms)
			ExecutionOrderSort2 (0ms)
			AwakeInstancesAfterBackupRestoration (9ms)
Platform modules already initialized, skipping
Refreshing native plugins compatible for Editor in 0.76 ms, found 2 plugins.
Preloading 0 native plugins for Editor in 0.00 ms.
Unloading 3992 Unused Serialized files (Serialized files now loaded: 0)
System memory in use before: 159.6 MB.
System memory in use after: 159.8 MB.

Unloading 14 unused Assets to reduce memory usage. Loaded Objects now: 4550.
Total: 3.451300 ms (FindLiveObjects: 0.317300 ms CreateObjectMapping: 0.182500 ms MarkObjects: 2.896300 ms  DeleteObjects: 0.054300 ms)

AssetImportParameters requested are different than current active one (requested -> active):
  custom:framework-win-MediaFoundation: 216162199b28c13a410421893ffa2e32 -> 
  custom:video-decoder-ogg-theora: a1e56fd34408186e4bbccfd4996cb3dc -> 
  custom:container-muxer-webm: aa71ff27fc2769a1b78a27578f13a17b -> 
  custom:container-demuxer-webm: 4f35f7cbe854078d1ac9338744f61a02 -> 
  custom:container-demuxer-ogg: 62fdf1f143b41e24485cea50d1cbac27 -> 
  custom:video-encoder-webm-vp8: eb34c28f22e8b96e1ab97ce403110664 -> 
  custom:video-codec-MediaFoundation-h265: 746d11721c4dcdbdad8f713fa42b33f4 -> 
  custom:video-decoder-webm-vp8: 9c59270c3fd7afecdb556c50c9e8de78 -> 
  custom:audio-decoder-ogg-vorbis: bf7c407c2cedff20999df2af8eb42d56 -> 
  custom:audio-encoder-webm-vorbis: bf7c407c2cedff20999df2af8eb42d56 -> 
========================================================================
Received Prepare
Registering precompiled user dll's ...
Registered in 0.003308 seconds.
Begin MonoManager ReloadAssembly
Native extension for WindowsStandalone target not found
Refreshing native plugins compatible for Editor in 0.77 ms, found 2 plugins.
Preloading 0 native plugins for Editor in 0.00 ms.
Mono: successfully reloaded assembly
- Completed reload, in  1.078 seconds
Domain Reload Profiling:
	ReloadAssembly (1079ms)
		BeginReloadAssembly (120ms)
			ExecutionOrderSort (0ms)
			DisableScriptedObjects (4ms)
			BackupInstance (0ms)
			ReleaseScriptingObjects (0ms)
			CreateAndSetChildDomain (36ms)
		EndReloadAssembly (893ms)
			LoadAssemblies (95ms)
			RebuildTransferFunctionScriptingTraits (0ms)
			SetupTypeCache (324ms)
			ReleaseScriptCaches (1ms)
			RebuildScriptCaches (50ms)
			SetupLoadedEditorAssemblies (316ms)
				LogAssemblyErrors (0ms)
				InitializePlatformSupportModulesInManaged (4ms)
				SetLoadedEditorAssemblies (0ms)
				RefreshPlugins (1ms)
				BeforeProcessingInitializeOnLoad (92ms)
				ProcessInitializeOnLoadAttributes (209ms)
				ProcessInitializeOnLoadMethodAttributes (4ms)
				AfterProcessingInitializeOnLoad (6ms)
				EditorAssembliesLoaded (0ms)
			ExecutionOrderSort2 (0ms)
			AwakeInstancesAfterBackupRestoration (10ms)
Platform modules already initialized, skipping
Refreshing native plugins compatible for Editor in 0.72 ms, found 2 plugins.
Preloading 0 native plugins for Editor in 0.00 ms.
Unloading 3992 Unused Serialized files (Serialized files now loaded: 0)
System memory in use before: 159.6 MB.
System memory in use after: 159.8 MB.

Unloading 14 unused Assets to reduce memory usage. Loaded Objects now: 4552.
Total: 3.281800 ms (FindLiveObjects: 0.336000 ms CreateObjectMapping: 0.141900 ms MarkObjects: 2.785900 ms  DeleteObjects: 0.017200 ms)

AssetImportParameters requested are different than current active one (requested -> active):
  custom:framework-win-MediaFoundation: 216162199b28c13a410421893ffa2e32 -> 
  custom:video-decoder-ogg-theora: a1e56fd34408186e4bbccfd4996cb3dc -> 
  custom:container-muxer-webm: aa71ff27fc2769a1b78a27578f13a17b -> 
  custom:container-demuxer-webm: 4f35f7cbe854078d1ac9338744f61a02 -> 
  custom:container-demuxer-ogg: 62fdf1f143b41e24485cea50d1cbac27 -> 
  custom:video-encoder-webm-vp8: eb34c28f22e8b96e1ab97ce403110664 -> 
  custom:video-codec-MediaFoundation-h265: 746d11721c4dcdbdad8f713fa42b33f4 -> 
  custom:video-decoder-webm-vp8: 9c59270c3fd7afecdb556c50c9e8de78 -> 
  custom:audio-decoder-ogg-vorbis: bf7c407c2cedff20999df2af8eb42d56 -> 
  custom:audio-encoder-webm-vorbis: bf7c407c2cedff20999df2af8eb42d56 -> 
========================================================================
Received Import Request.
  Time since last request: 982.638626 seconds.
  path: Assets/Dialogue/Demo Dave.asset
  artifactKey: Guid(716404af05c8b0746a808cf0fa0826e1) Importer(815301076,1909f56bfc062723c751e8b465ee728b)
Start importing Assets/Dialogue/Demo Dave.asset using Guid(716404af05c8b0746a808cf0fa0826e1) Importer(815301076,1909f56bfc062723c751e8b465ee728b)  -> (artifact id: 'e98012ed8bde305d5f5cf9d61e9973c2') in 0.060621 seconds 
  Import took 0.067106 seconds .

========================================================================
Received Prepare
Registering precompiled user dll's ...
Registered in 0.003664 seconds.
Begin MonoManager ReloadAssembly
Native extension for WindowsStandalone target not found
Refreshing native plugins compatible for Editor in 0.92 ms, found 2 plugins.
Preloading 0 native plugins for Editor in 0.00 ms.
Mono: successfully reloaded assembly
- Completed reload, in  1.148 seconds
Domain Reload Profiling:
	ReloadAssembly (1149ms)
		BeginReloadAssembly (126ms)
			ExecutionOrderSort (0ms)
			DisableScriptedObjects (5ms)
			BackupInstance (0ms)
			ReleaseScriptingObjects (0ms)
			CreateAndSetChildDomain (41ms)
		EndReloadAssembly (955ms)
			LoadAssemblies (100ms)
			RebuildTransferFunctionScriptingTraits (0ms)
			SetupTypeCache (356ms)
			ReleaseScriptCaches (1ms)
			RebuildScriptCaches (53ms)
			SetupLoadedEditorAssemblies (335ms)
				LogAssemblyErrors (0ms)
				InitializePlatformSupportModulesInManaged (4ms)
				SetLoadedEditorAssemblies (1ms)
				RefreshPlugins (1ms)
				BeforeProcessingInitializeOnLoad (92ms)
				ProcessInitializeOnLoadAttributes (227ms)
				ProcessInitializeOnLoadMethodAttributes (4ms)
				AfterProcessingInitializeOnLoad (5ms)
				EditorAssembliesLoaded (0ms)
			ExecutionOrderSort2 (0ms)
			AwakeInstancesAfterBackupRestoration (9ms)
Platform modules already initialized, skipping
Refreshing native plugins compatible for Editor in 0.73 ms, found 2 plugins.
Preloading 0 native plugins for Editor in 0.00 ms.
Unloading 3992 Unused Serialized files (Serialized files now loaded: 0)
System memory in use before: 159.6 MB.
System memory in use after: 159.9 MB.

Unloading 14 unused Assets to reduce memory usage. Loaded Objects now: 4554.
Total: 3.642700 ms (FindLiveObjects: 0.390800 ms CreateObjectMapping: 0.247400 ms MarkObjects: 2.984200 ms  DeleteObjects: 0.018800 ms)

AssetImportParameters requested are different than current active one (requested -> active):
  custom:framework-win-MediaFoundation: 216162199b28c13a410421893ffa2e32 -> 
  custom:video-decoder-ogg-theora: a1e56fd34408186e4bbccfd4996cb3dc -> 
  custom:container-muxer-webm: aa71ff27fc2769a1b78a27578f13a17b -> 
  custom:container-demuxer-webm: 4f35f7cbe854078d1ac9338744f61a02 -> 
  custom:container-demuxer-ogg: 62fdf1f143b41e24485cea50d1cbac27 -> 
  custom:video-encoder-webm-vp8: eb34c28f22e8b96e1ab97ce403110664 -> 
  custom:video-codec-MediaFoundation-h265: 746d11721c4dcdbdad8f713fa42b33f4 -> 
  custom:video-decoder-webm-vp8: 9c59270c3fd7afecdb556c50c9e8de78 -> 
  custom:audio-decoder-ogg-vorbis: bf7c407c2cedff20999df2af8eb42d56 -> 
  custom:audio-encoder-webm-vorbis: bf7c407c2cedff20999df2af8eb42d56 -> 
========================================================================
Received Prepare
Registering precompiled user dll's ...
Registered in 0.003403 seconds.
Begin MonoManager ReloadAssembly
Native extension for WindowsStandalone target not found
Refreshing native plugins compatible for Editor in 0.78 ms, found 2 plugins.
Preloading 0 native plugins for Editor in 0.00 ms.
Mono: successfully reloaded assembly
- Completed reload, in  1.230 seconds
Domain Reload Profiling:
	ReloadAssembly (1230ms)
		BeginReloadAssembly (129ms)
			ExecutionOrderSort (0ms)
			DisableScriptedObjects (5ms)
			BackupInstance (0ms)
			ReleaseScriptingObjects (0ms)
			CreateAndSetChildDomain (40ms)
		EndReloadAssembly (1034ms)
			LoadAssemblies (99ms)
			RebuildTransferFunctionScriptingTraits (0ms)
			SetupTypeCache (378ms)
			ReleaseScriptCaches (1ms)
			RebuildScriptCaches (56ms)
			SetupLoadedEditorAssemblies (371ms)
				LogAssemblyErrors (0ms)
				InitializePlatformSupportModulesInManaged (5ms)
				SetLoadedEditorAssemblies (0ms)
				RefreshPlugins (1ms)
				BeforeProcessingInitializeOnLoad (102ms)
				ProcessInitializeOnLoadAttributes (252ms)
				ProcessInitializeOnLoadMethodAttributes (5ms)
				AfterProcessingInitializeOnLoad (7ms)
				EditorAssembliesLoaded (0ms)
			ExecutionOrderSort2 (0ms)
			AwakeInstancesAfterBackupRestoration (11ms)
Platform modules already initialized, skipping
Refreshing native plugins compatible for Editor in 0.98 ms, found 2 plugins.
Preloading 0 native plugins for Editor in 0.00 ms.
Unloading 3992 Unused Serialized files (Serialized files now loaded: 0)
System memory in use before: 159.6 MB.
System memory in use after: 159.9 MB.

Unloading 14 unused Assets to reduce memory usage. Loaded Objects now: 4556.
Total: 3.279900 ms (FindLiveObjects: 0.341300 ms CreateObjectMapping: 0.189700 ms MarkObjects: 2.731600 ms  DeleteObjects: 0.016300 ms)

AssetImportParameters requested are different than current active one (requested -> active):
  custom:framework-win-MediaFoundation: 216162199b28c13a410421893ffa2e32 -> 
  custom:video-decoder-ogg-theora: a1e56fd34408186e4bbccfd4996cb3dc -> 
  custom:container-muxer-webm: aa71ff27fc2769a1b78a27578f13a17b -> 
  custom:container-demuxer-webm: 4f35f7cbe854078d1ac9338744f61a02 -> 
  custom:container-demuxer-ogg: 62fdf1f143b41e24485cea50d1cbac27 -> 
  custom:video-encoder-webm-vp8: eb34c28f22e8b96e1ab97ce403110664 -> 
  custom:video-codec-MediaFoundation-h265: 746d11721c4dcdbdad8f713fa42b33f4 -> 
  custom:video-decoder-webm-vp8: 9c59270c3fd7afecdb556c50c9e8de78 -> 
  custom:audio-decoder-ogg-vorbis: bf7c407c2cedff20999df2af8eb42d56 -> 
  custom:audio-encoder-webm-vorbis: bf7c407c2cedff20999df2af8eb42d56 -> 
========================================================================
Received Import Request.
  Time since last request: 251.656317 seconds.
  path: Assets/Dialogue/Demo Dave.asset
  artifactKey: Guid(716404af05c8b0746a808cf0fa0826e1) Importer(815301076,1909f56bfc062723c751e8b465ee728b)
Start importing Assets/Dialogue/Demo Dave.asset using Guid(716404af05c8b0746a808cf0fa0826e1) Importer(815301076,1909f56bfc062723c751e8b465ee728b)  -> (artifact id: 'f826a159a100c0f3b4753c13ebb17298') in 0.042116 seconds 
  Import took 0.048549 seconds .

========================================================================
Received Prepare
Registering precompiled user dll's ...
Registered in 0.003324 seconds.
Begin MonoManager ReloadAssembly
Native extension for WindowsStandalone target not found
Refreshing native plugins compatible for Editor in 1.29 ms, found 2 plugins.
Preloading 0 native plugins for Editor in 0.00 ms.
Mono: successfully reloaded assembly
- Completed reload, in  1.250 seconds
Domain Reload Profiling:
	ReloadAssembly (1251ms)
		BeginReloadAssembly (125ms)
			ExecutionOrderSort (0ms)
			DisableScriptedObjects (6ms)
			BackupInstance (0ms)
			ReleaseScriptingObjects (0ms)
			CreateAndSetChildDomain (43ms)
		EndReloadAssembly (1054ms)
			LoadAssemblies (99ms)
			RebuildTransferFunctionScriptingTraits (0ms)
			SetupTypeCache (392ms)
			ReleaseScriptCaches (2ms)
			RebuildScriptCaches (58ms)
			SetupLoadedEditorAssemblies (373ms)
				LogAssemblyErrors (0ms)
				InitializePlatformSupportModulesInManaged (5ms)
				SetLoadedEditorAssemblies (1ms)
				RefreshPlugins (1ms)
				BeforeProcessingInitializeOnLoad (97ms)
				ProcessInitializeOnLoadAttributes (257ms)
				ProcessInitializeOnLoadMethodAttributes (5ms)
				AfterProcessingInitializeOnLoad (6ms)
				EditorAssembliesLoaded (0ms)
			ExecutionOrderSort2 (0ms)
			AwakeInstancesAfterBackupRestoration (12ms)
Platform modules already initialized, skipping
Refreshing native plugins compatible for Editor in 0.84 ms, found 2 plugins.
Preloading 0 native plugins for Editor in 0.00 ms.
Unloading 3992 Unused Serialized files (Serialized files now loaded: 0)
System memory in use before: 159.7 MB.
System memory in use after: 159.9 MB.

Unloading 14 unused Assets to reduce memory usage. Loaded Objects now: 4558.
Total: 4.143000 ms (FindLiveObjects: 0.386600 ms CreateObjectMapping: 0.243200 ms MarkObjects: 3.492000 ms  DeleteObjects: 0.020200 ms)

AssetImportParameters requested are different than current active one (requested -> active):
  custom:framework-win-MediaFoundation: 216162199b28c13a410421893ffa2e32 -> 
  custom:video-decoder-ogg-theora: a1e56fd34408186e4bbccfd4996cb3dc -> 
  custom:container-muxer-webm: aa71ff27fc2769a1b78a27578f13a17b -> 
  custom:container-demuxer-webm: 4f35f7cbe854078d1ac9338744f61a02 -> 
  custom:container-demuxer-ogg: 62fdf1f143b41e24485cea50d1cbac27 -> 
  custom:video-encoder-webm-vp8: eb34c28f22e8b96e1ab97ce403110664 -> 
  custom:video-codec-MediaFoundation-h265: 746d11721c4dcdbdad8f713fa42b33f4 -> 
  custom:video-decoder-webm-vp8: 9c59270c3fd7afecdb556c50c9e8de78 -> 
  custom:audio-decoder-ogg-vorbis: bf7c407c2cedff20999df2af8eb42d56 -> 
  custom:audio-encoder-webm-vorbis: bf7c407c2cedff20999df2af8eb42d56 -> 
========================================================================
Received Import Request.
  Time since last request: 50.861063 seconds.
  path: Assets/Plugins/Pixel Crushers
  artifactKey: Guid(e548d83123d220b4ca31fa7813b93169) Importer(815301076,1909f56bfc062723c751e8b465ee728b)
Start importing Assets/Plugins/Pixel Crushers using Guid(e548d83123d220b4ca31fa7813b93169) Importer(815301076,1909f56bfc062723c751e8b465ee728b)  -> (artifact id: '3d97d54483d9da4af1144e33cd289374') in 0.010464 seconds 
  Import took 0.016761 seconds .

========================================================================
Received Import Request.
  Time since last request: 0.002311 seconds.
  path: Assets/Plugins/Pixel Crushers
  artifactKey: Guid(e548d83123d220b4ca31fa7813b93169) Importer(815301076,1909f56bfc062723c751e8b465ee728b)
Start importing Assets/Plugins/Pixel Crushers using Guid(e548d83123d220b4ca31fa7813b93169) Importer(815301076,1909f56bfc062723c751e8b465ee728b)  -> (artifact id: '3d97d54483d9da4af1144e33cd289374') in 0.003955 seconds 
  Import took 0.014332 seconds .

========================================================================
Received Import Request.
  Time since last request: 0.860572 seconds.
  path: Assets/Plugins/Pixel Crushers/Dialogue System
  artifactKey: Guid(aa3c208e20084ce44b95f9ad20530f2c) Importer(815301076,1909f56bfc062723c751e8b465ee728b)
Start importing Assets/Plugins/Pixel Crushers/Dialogue System using Guid(aa3c208e20084ce44b95f9ad20530f2c) Importer(815301076,1909f56bfc062723c751e8b465ee728b)  -> (artifact id: 'ca7b01020ad88678d7bf1c25b7f170d0') in 0.006781 seconds 
  Import took 0.012820 seconds .

========================================================================
Received Import Request.
  Time since last request: 1.799361 seconds.
  path: Assets/Plugins/Pixel Crushers/Dialogue System/Prefabs
  artifactKey: Guid(a53905e94ae5caf4688b53dccfc26b17) Importer(815301076,1909f56bfc062723c751e8b465ee728b)
Start importing Assets/Plugins/Pixel Crushers/Dialogue System/Prefabs using Guid(a53905e94ae5caf4688b53dccfc26b17) Importer(815301076,1909f56bfc062723c751e8b465ee728b)  -> (artifact id: 'ea964cc3a504cc98ded7600917127b01') in 0.007170 seconds 
  Import took 0.013405 seconds .

========================================================================
Received Import Request.
  Time since last request: 0.044323 seconds.
  path: Assets/Plugins/Pixel Crushers/Dialogue System/Prefabs/Dialogue Manager.prefab
  artifactKey: Guid(58ac37417e60e534f91138088a3e6f70) Importer(815301076,1909f56bfc062723c751e8b465ee728b)
Start importing Assets/Plugins/Pixel Crushers/Dialogue System/Prefabs/Dialogue Manager.prefab using Guid(58ac37417e60e534f91138088a3e6f70) Importer(815301076,1909f56bfc062723c751e8b465ee728b)  -> (artifact id: '45f8dc540084a6689cdd23858c5ddaad') in 0.167124 seconds 
  Import took 0.174310 seconds .

========================================================================
Received Import Request.
  Time since last request: 1.519762 seconds.
  path: Assets/Plugins/Pixel Crushers/Dialogue System/Prefabs/Standard UI Prefabs
  artifactKey: Guid(8c1a4ad7bc3f25343add8df89a0b47b7) Importer(815301076,1909f56bfc062723c751e8b465ee728b)
Start importing Assets/Plugins/Pixel Crushers/Dialogue System/Prefabs/Standard UI Prefabs using Guid(8c1a4ad7bc3f25343add8df89a0b47b7) Importer(815301076,1909f56bfc062723c751e8b465ee728b)  -> (artifact id: 'ca7c62018ccd303eb05073100de0c749') in 0.007439 seconds 
  Import took 0.013274 seconds .

========================================================================
Received Import Request.
  Time since last request: 1.625546 seconds.
  path: Assets/Plugins/Pixel Crushers/Dialogue System/Prefabs/Standard UI Prefabs/Pro
  artifactKey: Guid(b1d34a5d9c43fdb4086e969a8767d06f) Importer(815301076,1909f56bfc062723c751e8b465ee728b)
Start importing Assets/Plugins/Pixel Crushers/Dialogue System/Prefabs/Standard UI Prefabs/Pro using Guid(b1d34a5d9c43fdb4086e969a8767d06f) Importer(815301076,1909f56bfc062723c751e8b465ee728b)  -> (artifact id: 'bc27bb4ba0e3c4bf930e0d378b6ea656') in 0.006363 seconds 
  Import took 0.013597 seconds .

========================================================================
Received Import Request.
  Time since last request: 2.792369 seconds.
  path: Assets/Plugins/Pixel Crushers/Dialogue System/Prefabs/Standard UI Prefabs/Pro/Sci-fi
  artifactKey: Guid(4f0e27cfabd78694fbd711ab8602e61a) Importer(815301076,1909f56bfc062723c751e8b465ee728b)
Start importing Assets/Plugins/Pixel Crushers/Dialogue System/Prefabs/Standard UI Prefabs/Pro/Sci-fi using Guid(4f0e27cfabd78694fbd711ab8602e61a) Importer(815301076,1909f56bfc062723c751e8b465ee728b)  -> (artifact id: 'e27cef9977eed05ae1a0b7af7ac5b08b') in 0.006767 seconds 
  Import took 0.012978 seconds .

========================================================================
Received Import Request.
  Time since last request: 0.049758 seconds.
  path: Assets/Plugins/Pixel Crushers/Dialogue System/Prefabs/Standard UI Prefabs/Pro/Sci-fi/Sci-fi Standard Dialogue UI.prefab
  artifactKey: Guid(d4435d68dd2fab14e933d23e59ac343f) Importer(815301076,1909f56bfc062723c751e8b465ee728b)
Start importing Assets/Plugins/Pixel Crushers/Dialogue System/Prefabs/Standard UI Prefabs/Pro/Sci-fi/Sci-fi Standard Dialogue UI.prefab using Guid(d4435d68dd2fab14e933d23e59ac343f) Importer(815301076,1909f56bfc062723c751e8b465ee728b)  -> (artifact id: 'a0435d41f1672bb36a9279433522b514') in 0.043661 seconds 
  Import took 0.050004 seconds .

========================================================================
Received Prepare
Registering precompiled user dll's ...
Registered in 0.003316 seconds.
Begin MonoManager ReloadAssembly
Native extension for WindowsStandalone target not found
Refreshing native plugins compatible for Editor in 0.78 ms, found 2 plugins.
Preloading 0 native plugins for Editor in 0.00 ms.
Mono: successfully reloaded assembly
- Completed reload, in  1.236 seconds
Domain Reload Profiling:
	ReloadAssembly (1237ms)
		BeginReloadAssembly (122ms)
			ExecutionOrderSort (0ms)
			DisableScriptedObjects (5ms)
			BackupInstance (0ms)
			ReleaseScriptingObjects (0ms)
			CreateAndSetChildDomain (41ms)
		EndReloadAssembly (1046ms)
			LoadAssemblies (101ms)
			RebuildTransferFunctionScriptingTraits (0ms)
			SetupTypeCache (382ms)
			ReleaseScriptCaches (1ms)
			RebuildScriptCaches (58ms)
			SetupLoadedEditorAssemblies (370ms)
				LogAssemblyErrors (0ms)
				InitializePlatformSupportModulesInManaged (5ms)
				SetLoadedEditorAssemblies (0ms)
				RefreshPlugins (1ms)
				BeforeProcessingInitializeOnLoad (99ms)
				ProcessInitializeOnLoadAttributes (253ms)
				ProcessInitializeOnLoadMethodAttributes (5ms)
				AfterProcessingInitializeOnLoad (6ms)
				EditorAssembliesLoaded (0ms)
			ExecutionOrderSort2 (0ms)
			AwakeInstancesAfterBackupRestoration (12ms)
Platform modules already initialized, skipping
Refreshing native plugins compatible for Editor in 1.20 ms, found 2 plugins.
Preloading 0 native plugins for Editor in 0.00 ms.
Unloading 3992 Unused Serialized files (Serialized files now loaded: 0)
System memory in use before: 160.1 MB.
System memory in use after: 160.3 MB.

Unloading 19 unused Assets to reduce memory usage. Loaded Objects now: 4562.
Total: 3.840900 ms (FindLiveObjects: 0.388700 ms CreateObjectMapping: 0.240300 ms MarkObjects: 3.179100 ms  DeleteObjects: 0.031900 ms)

AssetImportParameters requested are different than current active one (requested -> active):
  custom:framework-win-MediaFoundation: 216162199b28c13a410421893ffa2e32 -> 
  custom:video-decoder-ogg-theora: a1e56fd34408186e4bbccfd4996cb3dc -> 
  custom:container-muxer-webm: aa71ff27fc2769a1b78a27578f13a17b -> 
  custom:container-demuxer-webm: 4f35f7cbe854078d1ac9338744f61a02 -> 
  custom:container-demuxer-ogg: 62fdf1f143b41e24485cea50d1cbac27 -> 
  custom:video-encoder-webm-vp8: eb34c28f22e8b96e1ab97ce403110664 -> 
  custom:video-codec-MediaFoundation-h265: 746d11721c4dcdbdad8f713fa42b33f4 -> 
  custom:video-decoder-webm-vp8: 9c59270c3fd7afecdb556c50c9e8de78 -> 
  custom:audio-decoder-ogg-vorbis: bf7c407c2cedff20999df2af8eb42d56 -> 
  custom:audio-encoder-webm-vorbis: bf7c407c2cedff20999df2af8eb42d56 -> 
========================================================================
Received Prepare
Registering precompiled user dll's ...
Registered in 0.003273 seconds.
Begin MonoManager ReloadAssembly
Native extension for WindowsStandalone target not found
Refreshing native plugins compatible for Editor in 0.85 ms, found 2 plugins.
Preloading 0 native plugins for Editor in 0.00 ms.
Mono: successfully reloaded assembly
- Completed reload, in  1.242 seconds
Domain Reload Profiling:
	ReloadAssembly (1242ms)
		BeginReloadAssembly (129ms)
			ExecutionOrderSort (0ms)
			DisableScriptedObjects (5ms)
			BackupInstance (0ms)
			ReleaseScriptingObjects (0ms)
			CreateAndSetChildDomain (38ms)
		EndReloadAssembly (1041ms)
			LoadAssemblies (102ms)
			RebuildTransferFunctionScriptingTraits (0ms)
			SetupTypeCache (382ms)
			ReleaseScriptCaches (1ms)
			RebuildScriptCaches (58ms)
			SetupLoadedEditorAssemblies (371ms)
				LogAssemblyErrors (0ms)
				InitializePlatformSupportModulesInManaged (4ms)
				SetLoadedEditorAssemblies (0ms)
				RefreshPlugins (1ms)
				BeforeProcessingInitializeOnLoad (98ms)
				ProcessInitializeOnLoadAttributes (255ms)
				ProcessInitializeOnLoadMethodAttributes (5ms)
				AfterProcessingInitializeOnLoad (7ms)
				EditorAssembliesLoaded (0ms)
			ExecutionOrderSort2 (0ms)
			AwakeInstancesAfterBackupRestoration (14ms)
Platform modules already initialized, skipping
Refreshing native plugins compatible for Editor in 1.16 ms, found 2 plugins.
Preloading 0 native plugins for Editor in 0.00 ms.
Unloading 3992 Unused Serialized files (Serialized files now loaded: 0)
System memory in use before: 160.1 MB.
System memory in use after: 160.3 MB.

Unloading 14 unused Assets to reduce memory usage. Loaded Objects now: 4564.
Total: 6.962500 ms (FindLiveObjects: 0.977700 ms CreateObjectMapping: 0.508900 ms MarkObjects: 5.436200 ms  DeleteObjects: 0.038200 ms)

AssetImportParameters requested are different than current active one (requested -> active):
  custom:framework-win-MediaFoundation: 216162199b28c13a410421893ffa2e32 -> 
  custom:video-decoder-ogg-theora: a1e56fd34408186e4bbccfd4996cb3dc -> 
  custom:container-muxer-webm: aa71ff27fc2769a1b78a27578f13a17b -> 
  custom:container-demuxer-webm: 4f35f7cbe854078d1ac9338744f61a02 -> 
  custom:container-demuxer-ogg: 62fdf1f143b41e24485cea50d1cbac27 -> 
  custom:video-encoder-webm-vp8: eb34c28f22e8b96e1ab97ce403110664 -> 
  custom:video-codec-MediaFoundation-h265: 746d11721c4dcdbdad8f713fa42b33f4 -> 
  custom:video-decoder-webm-vp8: 9c59270c3fd7afecdb556c50c9e8de78 -> 
  custom:audio-decoder-ogg-vorbis: bf7c407c2cedff20999df2af8eb42d56 -> 
  custom:audio-encoder-webm-vorbis: bf7c407c2cedff20999df2af8eb42d56 -> 
========================================================================
Received Import Request.
  Time since last request: 464.416142 seconds.
  path: Assets/Dialogue/Demo Dave.asset
  artifactKey: Guid(716404af05c8b0746a808cf0fa0826e1) Importer(815301076,1909f56bfc062723c751e8b465ee728b)
Start importing Assets/Dialogue/Demo Dave.asset using Guid(716404af05c8b0746a808cf0fa0826e1) Importer(815301076,1909f56bfc062723c751e8b465ee728b)  -> (artifact id: '525ae94015f3c3a6d4c69db12e500361') in 0.034659 seconds 
  Import took 0.042353 seconds .

========================================================================
Received Prepare
Registering precompiled user dll's ...
Registered in 0.004683 seconds.
Begin MonoManager ReloadAssembly
Native extension for WindowsStandalone target not found
Refreshing native plugins compatible for Editor in 1.19 ms, found 2 plugins.
Preloading 0 native plugins for Editor in 0.00 ms.
Mono: successfully reloaded assembly
- Completed reload, in  1.351 seconds
Domain Reload Profiling:
	ReloadAssembly (1352ms)
		BeginReloadAssembly (136ms)
			ExecutionOrderSort (0ms)
			DisableScriptedObjects (6ms)
			BackupInstance (0ms)
			ReleaseScriptingObjects (0ms)
			CreateAndSetChildDomain (41ms)
		EndReloadAssembly (1139ms)
			LoadAssemblies (116ms)
			RebuildTransferFunctionScriptingTraits (0ms)
			SetupTypeCache (412ms)
			ReleaseScriptCaches (2ms)
			RebuildScriptCaches (64ms)
			SetupLoadedEditorAssemblies (406ms)
				LogAssemblyErrors (0ms)
				InitializePlatformSupportModulesInManaged (5ms)
				SetLoadedEditorAssemblies (1ms)
				RefreshPlugins (1ms)
				BeforeProcessingInitializeOnLoad (110ms)
				ProcessInitializeOnLoadAttributes (276ms)
				ProcessInitializeOnLoadMethodAttributes (5ms)
				AfterProcessingInitializeOnLoad (7ms)
				EditorAssembliesLoaded (0ms)
			ExecutionOrderSort2 (0ms)
			AwakeInstancesAfterBackupRestoration (14ms)
Platform modules already initialized, skipping
Refreshing native plugins compatible for Editor in 0.80 ms, found 2 plugins.
Preloading 0 native plugins for Editor in 0.00 ms.
Unloading 3992 Unused Serialized files (Serialized files now loaded: 0)
System memory in use before: 160.1 MB.
System memory in use after: 160.3 MB.

Unloading 14 unused Assets to reduce memory usage. Loaded Objects now: 4566.
Total: 3.825700 ms (FindLiveObjects: 0.373900 ms CreateObjectMapping: 0.196900 ms MarkObjects: 3.227300 ms  DeleteObjects: 0.026000 ms)

AssetImportParameters requested are different than current active one (requested -> active):
  custom:framework-win-MediaFoundation: 216162199b28c13a410421893ffa2e32 -> 
  custom:video-decoder-ogg-theora: a1e56fd34408186e4bbccfd4996cb3dc -> 
  custom:container-muxer-webm: aa71ff27fc2769a1b78a27578f13a17b -> 
  custom:container-demuxer-webm: 4f35f7cbe854078d1ac9338744f61a02 -> 
  custom:container-demuxer-ogg: 62fdf1f143b41e24485cea50d1cbac27 -> 
  custom:video-encoder-webm-vp8: eb34c28f22e8b96e1ab97ce403110664 -> 
  custom:video-codec-MediaFoundation-h265: 746d11721c4dcdbdad8f713fa42b33f4 -> 
  custom:video-decoder-webm-vp8: 9c59270c3fd7afecdb556c50c9e8de78 -> 
  custom:audio-decoder-ogg-vorbis: bf7c407c2cedff20999df2af8eb42d56 -> 
  custom:audio-encoder-webm-vorbis: bf7c407c2cedff20999df2af8eb42d56 -> 
========================================================================
Received Import Request.
  Time since last request: 17.467281 seconds.
  path: Assets/Dialogue/Demo Dave.asset
  artifactKey: Guid(716404af05c8b0746a808cf0fa0826e1) Importer(815301076,1909f56bfc062723c751e8b465ee728b)
Start importing Assets/Dialogue/Demo Dave.asset using Guid(716404af05c8b0746a808cf0fa0826e1) Importer(815301076,1909f56bfc062723c751e8b465ee728b)  -> (artifact id: 'b96b76eb9ec3b17e20cbd8dc70850437') in 0.034770 seconds 
  Import took 0.041456 seconds .

========================================================================
Received Import Request.
  Time since last request: 83.535227 seconds.
  path: Assets/Dialogue/Demo Dave.asset
  artifactKey: Guid(716404af05c8b0746a808cf0fa0826e1) Importer(815301076,1909f56bfc062723c751e8b465ee728b)
Start importing Assets/Dialogue/Demo Dave.asset using Guid(716404af05c8b0746a808cf0fa0826e1) Importer(815301076,1909f56bfc062723c751e8b465ee728b)  -> (artifact id: '7628e74577d988077afc49dbe83bd79d') in 0.004836 seconds 
  Import took 0.012357 seconds .

========================================================================
Received Import Request.
  Time since last request: 0.004416 seconds.
  path: Assets/Dialogue/Demo Dave.asset
  artifactKey: Guid(716404af05c8b0746a808cf0fa0826e1) Importer(815301076,1909f56bfc062723c751e8b465ee728b)
Start importing Assets/Dialogue/Demo Dave.asset using Guid(716404af05c8b0746a808cf0fa0826e1) Importer(815301076,1909f56bfc062723c751e8b465ee728b)  -> (artifact id: '7628e74577d988077afc49dbe83bd79d') in 0.006803 seconds 
  Import took 0.014988 seconds .

========================================================================
Received Prepare
Registering precompiled user dll's ...
Registered in 0.003402 seconds.
Begin MonoManager ReloadAssembly
Native extension for WindowsStandalone target not found
Refreshing native plugins compatible for Editor in 0.94 ms, found 2 plugins.
Preloading 0 native plugins for Editor in 0.00 ms.
Mono: successfully reloaded assembly
- Completed reload, in  1.326 seconds
Domain Reload Profiling:
	ReloadAssembly (1327ms)
		BeginReloadAssembly (137ms)
			ExecutionOrderSort (0ms)
			DisableScriptedObjects (5ms)
			BackupInstance (0ms)
			ReleaseScriptingObjects (0ms)
			CreateAndSetChildDomain (44ms)
		EndReloadAssembly (1111ms)
			LoadAssemblies (112ms)
			RebuildTransferFunctionScriptingTraits (0ms)
			SetupTypeCache (409ms)
			ReleaseScriptCaches (2ms)
			RebuildScriptCaches (61ms)
			SetupLoadedEditorAssemblies (397ms)
				LogAssemblyErrors (0ms)
				InitializePlatformSupportModulesInManaged (5ms)
				SetLoadedEditorAssemblies (1ms)
				RefreshPlugins (1ms)
				BeforeProcessingInitializeOnLoad (105ms)
				ProcessInitializeOnLoadAttributes (272ms)
				ProcessInitializeOnLoadMethodAttributes (7ms)
				AfterProcessingInitializeOnLoad (6ms)
				EditorAssembliesLoaded (0ms)
			ExecutionOrderSort2 (0ms)
			AwakeInstancesAfterBackupRestoration (12ms)
Platform modules already initialized, skipping
Refreshing native plugins compatible for Editor in 0.76 ms, found 2 plugins.
Preloading 0 native plugins for Editor in 0.00 ms.
Unloading 3992 Unused Serialized files (Serialized files now loaded: 0)
System memory in use before: 160.1 MB.
System memory in use after: 160.3 MB.

Unloading 14 unused Assets to reduce memory usage. Loaded Objects now: 4568.
Total: 4.305900 ms (FindLiveObjects: 0.487800 ms CreateObjectMapping: 0.314500 ms MarkObjects: 3.483200 ms  DeleteObjects: 0.019100 ms)

AssetImportParameters requested are different than current active one (requested -> active):
  custom:framework-win-MediaFoundation: 216162199b28c13a410421893ffa2e32 -> 
  custom:video-decoder-ogg-theora: a1e56fd34408186e4bbccfd4996cb3dc -> 
  custom:container-muxer-webm: aa71ff27fc2769a1b78a27578f13a17b -> 
  custom:container-demuxer-webm: 4f35f7cbe854078d1ac9338744f61a02 -> 
  custom:container-demuxer-ogg: 62fdf1f143b41e24485cea50d1cbac27 -> 
  custom:video-encoder-webm-vp8: eb34c28f22e8b96e1ab97ce403110664 -> 
  custom:video-codec-MediaFoundation-h265: 746d11721c4dcdbdad8f713fa42b33f4 -> 
  custom:video-decoder-webm-vp8: 9c59270c3fd7afecdb556c50c9e8de78 -> 
  custom:audio-decoder-ogg-vorbis: bf7c407c2cedff20999df2af8eb42d56 -> 
  custom:audio-encoder-webm-vorbis: bf7c407c2cedff20999df2af8eb42d56 -> 
========================================================================
Received Import Request.
  Time since last request: 619.950469 seconds.
  path: Assets/Dialogue/Demo Dave (Auto-Backup).asset
  artifactKey: Guid(9ac66ac356bf1114faf7f5b0a86bb6ed) Importer(815301076,1909f56bfc062723c751e8b465ee728b)
Start importing Assets/Dialogue/Demo Dave (Auto-Backup).asset using Guid(9ac66ac356bf1114faf7f5b0a86bb6ed) Importer(815301076,1909f56bfc062723c751e8b465ee728b)  -> (artifact id: 'b54eb25e490caa728723d4a5f397c82d') in 0.046824 seconds 
  Import took 0.054553 seconds .

========================================================================
Received Import Request.
  Time since last request: 0.000288 seconds.
  path: Assets/Dialogue/Demo Dave.asset
  artifactKey: Guid(716404af05c8b0746a808cf0fa0826e1) Importer(815301076,1909f56bfc062723c751e8b465ee728b)
Start importing Assets/Dialogue/Demo Dave.asset using Guid(716404af05c8b0746a808cf0fa0826e1) Importer(815301076,1909f56bfc062723c751e8b465ee728b)  -> (artifact id: '6cad7e838a5bfada6e6bdd796779c101') in 0.005232 seconds 
  Import took 0.013180 seconds .

========================================================================
Received Import Request.
  Time since last request: 599.844159 seconds.
  path: Assets/Dialogue/Demo Dave (Auto-Backup).asset
  artifactKey: Guid(a506bc5e4af63ab418f772e799415f25) Importer(815301076,1909f56bfc062723c751e8b465ee728b)
Start importing Assets/Dialogue/Demo Dave (Auto-Backup).asset using Guid(a506bc5e4af63ab418f772e799415f25) Importer(815301076,1909f56bfc062723c751e8b465ee728b)  -> (artifact id: 'f079276e8fcbc03c249bae1f7ccba011') in 0.007211 seconds 
  Import took 0.015977 seconds .

========================================================================
Received Import Request.
  Time since last request: 600.089741 seconds.
  path: Assets/Dialogue/Demo Dave (Auto-Backup).asset
  artifactKey: Guid(541397eb947cdad45950a8a980024940) Importer(815301076,1909f56bfc062723c751e8b465ee728b)
Start importing Assets/Dialogue/Demo Dave (Auto-Backup).asset using Guid(541397eb947cdad45950a8a980024940) Importer(815301076,1909f56bfc062723c751e8b465ee728b)  -> (artifact id: '86e1019e660cfd069e5a75564a174897') in 0.006816 seconds 
  Import took 0.015217 seconds .

========================================================================
Received Import Request.
  Time since last request: 599.938183 seconds.
  path: Assets/Dialogue/Demo Dave (Auto-Backup).asset
  artifactKey: Guid(3eca69481dd90064e892d5be65995661) Importer(815301076,1909f56bfc062723c751e8b465ee728b)
Start importing Assets/Dialogue/Demo Dave (Auto-Backup).asset using Guid(3eca69481dd90064e892d5be65995661) Importer(815301076,1909f56bfc062723c751e8b465ee728b)  -> (artifact id: 'cf2ad297d78604cc2b9e57e92bfd06a5') in 0.008170 seconds 
  Import took 0.020929 seconds .

========================================================================
Received Import Request.
  Time since last request: 600.010807 seconds.
  path: Assets/Dialogue/Demo Dave (Auto-Backup).asset
  artifactKey: Guid(db7a85d0e198a0747b0f5b2c26d541c1) Importer(815301076,1909f56bfc062723c751e8b465ee728b)
Start importing Assets/Dialogue/Demo Dave (Auto-Backup).asset using Guid(db7a85d0e198a0747b0f5b2c26d541c1) Importer(815301076,1909f56bfc062723c751e8b465ee728b)  -> (artifact id: 'ac4ac79a043ecdab2fd2658ee290c7d9') in 0.018207 seconds 
  Import took 0.037819 seconds .

========================================================================
Received Import Request.
  Time since last request: 599.914824 seconds.
  path: Assets/Dialogue/Demo Dave (Auto-Backup).asset
  artifactKey: Guid(8ac73ebd061c18c428f30f91a684304b) Importer(815301076,1909f56bfc062723c751e8b465ee728b)
Start importing Assets/Dialogue/Demo Dave (Auto-Backup).asset using Guid(8ac73ebd061c18c428f30f91a684304b) Importer(815301076,1909f56bfc062723c751e8b465ee728b)  -> (artifact id: '565cb53272afe0abf2df613533349f77') in 0.007260 seconds 
  Import took 0.019700 seconds .

========================================================================
Received Import Request.
  Time since last request: 599.982982 seconds.
  path: Assets/Dialogue/Demo Dave (Auto-Backup).asset
  artifactKey: Guid(aad7724e9ce914f4e9cd901b0f1a5f85) Importer(815301076,1909f56bfc062723c751e8b465ee728b)
Start importing Assets/Dialogue/Demo Dave (Auto-Backup).asset using Guid(aad7724e9ce914f4e9cd901b0f1a5f85) Importer(815301076,1909f56bfc062723c751e8b465ee728b)  -> (artifact id: '6d865af65cdfdd313bc18a2427b4f30a') in 0.006365 seconds 
  Import took 0.016362 seconds .

========================================================================
Received Import Request.
  Time since last request: 599.975512 seconds.
  path: Assets/Dialogue/Demo Dave (Auto-Backup).asset
  artifactKey: Guid(87cfeb4a51286bb419fba8113cee7b58) Importer(815301076,1909f56bfc062723c751e8b465ee728b)
Start importing Assets/Dialogue/Demo Dave (Auto-Backup).asset using Guid(87cfeb4a51286bb419fba8113cee7b58) Importer(815301076,1909f56bfc062723c751e8b465ee728b)  -> (artifact id: 'b755a5dcaceb881c6ccebb5b3a9e07e4') in 0.006567 seconds 
  Import took 0.015772 seconds .

========================================================================
Received Import Request.
  Time since last request: 600.015106 seconds.
  path: Assets/Dialogue/Demo Dave (Auto-Backup).asset
  artifactKey: Guid(133e0dbd80e70874db28bb848c14c764) Importer(815301076,1909f56bfc062723c751e8b465ee728b)
Start importing Assets/Dialogue/Demo Dave (Auto-Backup).asset using Guid(133e0dbd80e70874db28bb848c14c764) Importer(815301076,1909f56bfc062723c751e8b465ee728b)  -> (artifact id: '96899cffacb65bf765ffc15760218db6') in 0.013006 seconds 
  Import took 0.023017 seconds .

========================================================================
Received Import Request.
  Time since last request: 599.937690 seconds.
  path: Assets/Dialogue/Demo Dave (Auto-Backup).asset
  artifactKey: Guid(0fdf1747034ac794293d90995bde6041) Importer(815301076,1909f56bfc062723c751e8b465ee728b)
Start importing Assets/Dialogue/Demo Dave (Auto-Backup).asset using Guid(0fdf1747034ac794293d90995bde6041) Importer(815301076,1909f56bfc062723c751e8b465ee728b)  -> (artifact id: '3cee4a3969c770ed43b5849568eb4cf7') in 0.013588 seconds 
  Import took 0.023533 seconds .

========================================================================
Received Import Request.
  Time since last request: 599.999203 seconds.
  path: Assets/Dialogue/Demo Dave (Auto-Backup).asset
  artifactKey: Guid(9b2a81a7d219a5c43a4633ddb76bdde1) Importer(815301076,1909f56bfc062723c751e8b465ee728b)
Start importing Assets/Dialogue/Demo Dave (Auto-Backup).asset using Guid(9b2a81a7d219a5c43a4633ddb76bdde1) Importer(815301076,1909f56bfc062723c751e8b465ee728b)  -> (artifact id: 'd97723817940ff0f951627ed0b76c23a') in 0.013420 seconds 
  Import took 0.022830 seconds .

========================================================================
Received Import Request.
  Time since last request: 599.956655 seconds.
  path: Assets/Dialogue/Demo Dave (Auto-Backup).asset
  artifactKey: Guid(33dbd8128f87d2f47b6d863839849cbb) Importer(815301076,1909f56bfc062723c751e8b465ee728b)
Start importing Assets/Dialogue/Demo Dave (Auto-Backup).asset using Guid(33dbd8128f87d2f47b6d863839849cbb) Importer(815301076,1909f56bfc062723c751e8b465ee728b)  -> (artifact id: '21651f9fa2d7aef449e1183323057c14') in 0.006758 seconds 
  Import took 0.016314 seconds .

========================================================================
Received Import Request.
  Time since last request: 599.995524 seconds.
  path: Assets/Dialogue/Demo Dave (Auto-Backup).asset
  artifactKey: Guid(036e50d51abd6a243a7b65794b7bb286) Importer(815301076,1909f56bfc062723c751e8b465ee728b)
Start importing Assets/Dialogue/Demo Dave (Auto-Backup).asset using Guid(036e50d51abd6a243a7b65794b7bb286) Importer(815301076,1909f56bfc062723c751e8b465ee728b)  -> (artifact id: 'de8abc54d12c289fe83dbe066e4d293f') in 0.014570 seconds 
  Import took 0.025200 seconds .

========================================================================
Received Import Request.
  Time since last request: 600.034956 seconds.
  path: Assets/Dialogue/Demo Dave (Auto-Backup).asset
  artifactKey: Guid(c27499fca4494614a94e8a1640c701bd) Importer(815301076,1909f56bfc062723c751e8b465ee728b)
Start importing Assets/Dialogue/Demo Dave (Auto-Backup).asset using Guid(c27499fca4494614a94e8a1640c701bd) Importer(815301076,1909f56bfc062723c751e8b465ee728b)  -> (artifact id: '7ed84ba39ff4616030c08fd42e4a721b') in 0.011194 seconds 
  Import took 0.024866 seconds .

========================================================================
Received Import Request.
  Time since last request: 599.989014 seconds.
  path: Assets/Dialogue/Demo Dave (Auto-Backup).asset
  artifactKey: Guid(2f5608d359b7f8e4d8fbab2b1ce15ec2) Importer(815301076,1909f56bfc062723c751e8b465ee728b)
Start importing Assets/Dialogue/Demo Dave (Auto-Backup).asset using Guid(2f5608d359b7f8e4d8fbab2b1ce15ec2) Importer(815301076,1909f56bfc062723c751e8b465ee728b)  -> (artifact id: 'dbcc70859a2f4c95cbfc830640a0d76b') in 0.015962 seconds 
  Import took 0.036815 seconds .

========================================================================
Received Import Request.
  Time since last request: 599.946508 seconds.
  path: Assets/Dialogue/Demo Dave (Auto-Backup).asset
  artifactKey: Guid(468822ada084ce347ad63652f5ae149d) Importer(815301076,1909f56bfc062723c751e8b465ee728b)
Start importing Assets/Dialogue/Demo Dave (Auto-Backup).asset using Guid(468822ada084ce347ad63652f5ae149d) Importer(815301076,1909f56bfc062723c751e8b465ee728b)  -> (artifact id: 'b2dcde7d2023d8b478a38665d3f3a990') in 0.011931 seconds 
  Import took 0.023041 seconds .

========================================================================
Received Import Request.
  Time since last request: 600.014854 seconds.
  path: Assets/Dialogue/Demo Dave (Auto-Backup).asset
  artifactKey: Guid(da210100b212f8f4daae2c6598810cb6) Importer(815301076,1909f56bfc062723c751e8b465ee728b)
Start importing Assets/Dialogue/Demo Dave (Auto-Backup).asset using Guid(da210100b212f8f4daae2c6598810cb6) Importer(815301076,1909f56bfc062723c751e8b465ee728b)  -> (artifact id: '0c76606af2e476c0c86ac96931da8319') in 0.012876 seconds 
  Import took 0.033771 seconds .

========================================================================
Received Import Request.
  Time since last request: 599.932053 seconds.
  path: Assets/Dialogue/Demo Dave (Auto-Backup).asset
  artifactKey: Guid(c4d95e2baf779bc469fef6a4d49f99ea) Importer(815301076,1909f56bfc062723c751e8b465ee728b)
Start importing Assets/Dialogue/Demo Dave (Auto-Backup).asset using Guid(c4d95e2baf779bc469fef6a4d49f99ea) Importer(815301076,1909f56bfc062723c751e8b465ee728b)  -> (artifact id: '87341658395e242635ecbd804c13a481') in 0.011906 seconds 
  Import took 0.023476 seconds .

========================================================================
Received Import Request.
  Time since last request: 599.989582 seconds.
  path: Assets/Dialogue/Demo Dave (Auto-Backup).asset
  artifactKey: Guid(2813e753a26cc974bae576a6b961f34a) Importer(815301076,1909f56bfc062723c751e8b465ee728b)
Start importing Assets/Dialogue/Demo Dave (Auto-Backup).asset using Guid(2813e753a26cc974bae576a6b961f34a) Importer(815301076,1909f56bfc062723c751e8b465ee728b)  -> (artifact id: '9c7a064fbd66ce29abfbc47a8640605b') in 0.014690 seconds 
  Import took 0.029964 seconds .

========================================================================
Received Import Request.
  Time since last request: 600.002654 seconds.
  path: Assets/Dialogue/Demo Dave (Auto-Backup).asset
  artifactKey: Guid(584e1a083fb214945ab2dfce60e93a8b) Importer(815301076,1909f56bfc062723c751e8b465ee728b)
Start importing Assets/Dialogue/Demo Dave (Auto-Backup).asset using Guid(584e1a083fb214945ab2dfce60e93a8b) Importer(815301076,1909f56bfc062723c751e8b465ee728b)  -> (artifact id: 'ef559ac910b84484aaf512ad1c2bdfe6') in 0.011595 seconds 
  Import took 0.022155 seconds .

========================================================================
Received Import Request.
  Time since last request: 599.931434 seconds.
  path: Assets/Dialogue/Demo Dave (Auto-Backup).asset
  artifactKey: Guid(a5c75247f05903c4781956cb39c6e31b) Importer(815301076,1909f56bfc062723c751e8b465ee728b)
Start importing Assets/Dialogue/Demo Dave (Auto-Backup).asset using Guid(a5c75247f05903c4781956cb39c6e31b) Importer(815301076,1909f56bfc062723c751e8b465ee728b)  -> (artifact id: '3a44dc61622a17ed1c933f5587b2dbfa') in 0.012774 seconds 
  Import took 0.030094 seconds .

========================================================================
Received Import Request.
  Time since last request: 600.019137 seconds.
  path: Assets/Dialogue/Demo Dave (Auto-Backup).asset
  artifactKey: Guid(823ebaf8d966c6d4f9f3a246b7eeab44) Importer(815301076,1909f56bfc062723c751e8b465ee728b)
Start importing Assets/Dialogue/Demo Dave (Auto-Backup).asset using Guid(823ebaf8d966c6d4f9f3a246b7eeab44) Importer(815301076,1909f56bfc062723c751e8b465ee728b)  -> (artifact id: '4f78cb726f30a83fa47f4ced8c4670b9') in 0.014879 seconds 
  Import took 0.031830 seconds .

========================================================================
Received Import Request.
  Time since last request: 599.902972 seconds.
  path: Assets/Dialogue/Demo Dave (Auto-Backup).asset
  artifactKey: Guid(3f26a93ae668f4e4fb15480a15dc6726) Importer(815301076,1909f56bfc062723c751e8b465ee728b)
Start importing Assets/Dialogue/Demo Dave (Auto-Backup).asset using Guid(3f26a93ae668f4e4fb15480a15dc6726) Importer(815301076,1909f56bfc062723c751e8b465ee728b)  -> (artifact id: 'd6284d23873ff1f66bae7e5ac54f0d14') in 0.008748 seconds 
  Import took 0.018355 seconds .

========================================================================
Received Import Request.
  Time since last request: 599.931461 seconds.
  path: Assets/Dialogue/Demo Dave (Auto-Backup).asset
  artifactKey: Guid(a4265860ed31fa44eab8db97e701a24e) Importer(815301076,1909f56bfc062723c751e8b465ee728b)
Start importing Assets/Dialogue/Demo Dave (Auto-Backup).asset using Guid(a4265860ed31fa44eab8db97e701a24e) Importer(815301076,1909f56bfc062723c751e8b465ee728b)  -> (artifact id: '9cf60aafaa3b6acd87b49c5aa5f9a0d3') in 0.007127 seconds 
  Import took 0.015766 seconds .

========================================================================
Received Import Request.
  Time since last request: 600.003079 seconds.
  path: Assets/Dialogue/Demo Dave (Auto-Backup).asset
  artifactKey: Guid(372e0a2246de3874d8b3d89182b1b0ad) Importer(815301076,1909f56bfc062723c751e8b465ee728b)
Start importing Assets/Dialogue/Demo Dave (Auto-Backup).asset using Guid(372e0a2246de3874d8b3d89182b1b0ad) Importer(815301076,1909f56bfc062723c751e8b465ee728b)  -> (artifact id: 'd2a8c7d8b744594df9f6fdbcd8b7a6b4') in 0.012381 seconds 
  Import took 0.020897 seconds .

========================================================================
Received Import Request.
  Time since last request: 599.974969 seconds.
  path: Assets/Dialogue/Demo Dave (Auto-Backup).asset
  artifactKey: Guid(d9b746f85375dda4fb211f704bbeadc1) Importer(815301076,1909f56bfc062723c751e8b465ee728b)
Start importing Assets/Dialogue/Demo Dave (Auto-Backup).asset using Guid(d9b746f85375dda4fb211f704bbeadc1) Importer(815301076,1909f56bfc062723c751e8b465ee728b)  -> (artifact id: '1267c598c8f56319ea4b20b54fe65390') in 0.006208 seconds 
  Import took 0.014716 seconds .

========================================================================
Received Prepare
Registering precompiled user dll's ...
Registered in 0.035099 seconds.
Begin MonoManager ReloadAssembly
Native extension for WindowsStandalone target not found
Refreshing native plugins compatible for Editor in 1.37 ms, found 2 plugins.
Preloading 0 native plugins for Editor in 0.00 ms.
Mono: successfully reloaded assembly
- Completed reload, in  1.583 seconds
Domain Reload Profiling:
	ReloadAssembly (1586ms)
		BeginReloadAssembly (247ms)
			ExecutionOrderSort (0ms)
			DisableScriptedObjects (17ms)
			BackupInstance (0ms)
			ReleaseScriptingObjects (0ms)
			CreateAndSetChildDomain (123ms)
		EndReloadAssembly (1260ms)
			LoadAssemblies (130ms)
			RebuildTransferFunctionScriptingTraits (0ms)
			SetupTypeCache (421ms)
			ReleaseScriptCaches (2ms)
			RebuildScriptCaches (62ms)
			SetupLoadedEditorAssemblies (493ms)
				LogAssemblyErrors (0ms)
				InitializePlatformSupportModulesInManaged (6ms)
				SetLoadedEditorAssemblies (1ms)
				RefreshPlugins (1ms)
				BeforeProcessingInitializeOnLoad (103ms)
				ProcessInitializeOnLoadAttributes (370ms)
				ProcessInitializeOnLoadMethodAttributes (5ms)
				AfterProcessingInitializeOnLoad (6ms)
				EditorAssembliesLoaded (0ms)
			ExecutionOrderSort2 (0ms)
			AwakeInstancesAfterBackupRestoration (12ms)
Platform modules already initialized, skipping
Refreshing native plugins compatible for Editor in 0.82 ms, found 2 plugins.
Preloading 0 native plugins for Editor in 0.00 ms.
Unloading 3992 Unused Serialized files (Serialized files now loaded: 0)
System memory in use before: 160.1 MB.
System memory in use after: 160.4 MB.

Unloading 14 unused Assets to reduce memory usage. Loaded Objects now: 4570.
Total: 4.199300 ms (FindLiveObjects: 0.444900 ms CreateObjectMapping: 0.250600 ms MarkObjects: 3.412100 ms  DeleteObjects: 0.090500 ms)

AssetImportParameters requested are different than current active one (requested -> active):
  custom:framework-win-MediaFoundation: 216162199b28c13a410421893ffa2e32 -> 
  custom:video-decoder-ogg-theora: a1e56fd34408186e4bbccfd4996cb3dc -> 
  custom:container-muxer-webm: aa71ff27fc2769a1b78a27578f13a17b -> 
  custom:container-demuxer-webm: 4f35f7cbe854078d1ac9338744f61a02 -> 
  custom:container-demuxer-ogg: 62fdf1f143b41e24485cea50d1cbac27 -> 
  custom:video-encoder-webm-vp8: eb34c28f22e8b96e1ab97ce403110664 -> 
  custom:video-codec-MediaFoundation-h265: 746d11721c4dcdbdad8f713fa42b33f4 -> 
  custom:video-decoder-webm-vp8: 9c59270c3fd7afecdb556c50c9e8de78 -> 
  custom:audio-decoder-ogg-vorbis: bf7c407c2cedff20999df2af8eb42d56 -> 
  custom:audio-encoder-webm-vorbis: bf7c407c2cedff20999df2af8eb42d56 -> 
========================================================================
Received Import Request.
  Time since last request: 531.427830 seconds.
  path: Assets/Dialogue/Demo Dave (Auto-Backup).asset
  artifactKey: Guid(d9b746f85375dda4fb211f704bbeadc1) Importer(815301076,1909f56bfc062723c751e8b465ee728b)
Start importing Assets/Dialogue/Demo Dave (Auto-Backup).asset using Guid(d9b746f85375dda4fb211f704bbeadc1) Importer(815301076,1909f56bfc062723c751e8b465ee728b)  -> (artifact id: '8e1161e71bbfcc39b7692f622edb47ec') in 0.058599 seconds 
  Import took 0.065113 seconds .

========================================================================
Received Import Request.
  Time since last request: 0.000309 seconds.
  path: Assets/Dialogue/Demo Dave.asset
  artifactKey: Guid(716404af05c8b0746a808cf0fa0826e1) Importer(815301076,1909f56bfc062723c751e8b465ee728b)
Start importing Assets/Dialogue/Demo Dave.asset using Guid(716404af05c8b0746a808cf0fa0826e1) Importer(815301076,1909f56bfc062723c751e8b465ee728b)  -> (artifact id: '6ab1be90c02249c1737ca2c6ac05989d') in 0.009063 seconds 
  Import took 0.015329 seconds .

AssetImportWorkerClient::OnTransportError - code=2 error=End of file
